#
# A fatal error has been detected by the Java Runtime Environment:
#
#  EXCEPTION_ILLEGAL_INSTRUCTION (0xc000001d) at pc=0x00007ff9cbeb5364, pid=15132, tid=8160
#
# JRE version: OpenJDK Runtime Environment 18.9 (11.0.11+9) (build 11.0.11+9)
# Java VM: OpenJDK 64-Bit Server VM 18.9 (11.0.11+9, mixed mode, tiered, compressed oops, g1 gc, windows-amd64)
# Problematic frame:
# C  [libisl_iostreams.dll+0xa5364]
#
# No core dump will be written. Minidumps are not enabled by default on client versions of Windows
#
# If you would like to submit a bug report, please visit:
#   https://bugreport.java.com/bugreport/crash.jsp
#

---------------  S U M M A R Y ------------

Command Line: -Dsun.java2d.pmoffscreen=false -Dhttps.protocols=TLSv1,TLSv1.1,TLSv1.2 -Dsun.java2d.xrender=false -Dsun.java2d.d3d=false -Dsun.awt.nopixfmt=true -Dsun.java2d.dpiaware=true -Dsun.java2d.uiScale.enabled=false -Xverify:none -Dswing.aatext=true -XX:-UsePerfData -Djdk.map.althashing.threshold=512 -XX:StringTableSize=4072 --add-opens=java.desktop/com.sun.awt=ALL-UNNAMED --add-opens=java.desktop/javax.swing.plaf.synth=ALL-UNNAMED --add-opens=java.base/java.nio=ALL-UNNAMED --add-opens=java.desktop/sun.swing=ALL-UNNAMED --add-opens=java.desktop/javax.swing=ALL-UNNAMED --add-opens=java.desktop/javax.swing.tree=ALL-UNNAMED --add-opens=java.desktop/javax.swing.plaf.basic=ALL-UNNAMED --add-opens=java.desktop/javax.swing.plaf.synth=ALL-UNNAMED --add-opens=java.desktop/javax.swing.plaf.basic=ALL-UNNAMED --add-opens=java.desktop/javax.swing=ALL-UNNAMED --add-opens=java.desktop/javax.swing.tree=ALL-UNNAMED --add-opens=java.desktop/java.awt.event=ALL-UNNAMED --add-exports=java.desktop/javax.swing.plaf.synth=ALL-UNNAMED --add-exports=java.base/java.nio=ALL-UNNAMED --add-exports=java.desktop/sun.swing=ALL-UNNAMED --add-exports=java.desktop/javax.swing=ALL-UNNAMED --add-exports=java.desktop/javax.swing.tree=ALL-UNNAMED --add-exports=java.desktop/javax.swing.plaf.basic=ALL-UNNAMED --add-exports=java.desktop/sun.swing=ALL-UNNAMED --add-exports=java.desktop/sun.swing.table=ALL-UNNAMED --add-exports=java.desktop/sun.swing.plaf.synth=ALL-UNNAMED --add-exports=java.desktop/sun.awt.shell=ALL-UNNAMED --add-exports=java.base/sun.security.action=ALL-UNNAMED --add-exports=java.desktop/sun.font=ALL-UNNAMED -XX:NewSize=60m -XX:MaxNewSize=60m -Xms256m -Xmx3072m -Xss5m 

Host: AMD Ryzen 5 5600X 6-Core Processor             , 12 cores, 15G,  Windows 10 , 64 bit Build 19041 (10.0.19041.1806)
Time: Thu Mar 30 15:57:26 2023 Hora estándar de Argentina elapsed time: 167653.450847 seconds (1d 22h 34m 13s)

---------------  T H R E A D  ---------------

Current thread is native thread

Stack: [0x0000000c9f900000,0x0000000c9fe00000],  sp=0x0000000c9fdff018,  free space=5116k
Native frames: (J=compiled Java code, j=interpreted, Vv=VM code, C=native code)
C  [libisl_iostreams.dll+0xa5364]


siginfo: EXCEPTION_ILLEGAL_INSTRUCTION (0xc000001d)


Register to memory mapping:

RIP=
[error occurred during error reporting (printing register info), id 0xc0000005, EXCEPTION_ACCESS_VIOLATION (0xc0000005) at pc=0x00007ff9c90779e1]

Registers:
RAX=0x0000000c9fdff070, RBX=0x000000007ffe0385, RCX=0x00007ffa583bc110, RDX=0x0000000000000000
RSP=0x0000000c9fdff018, RBP=0x0000000c9fdff050, RSI=0x0000000000000003, RDI=0x000000007ffe0384
R8 =0x0000000c9fdfef48, R9 =0x0000000000000000, R10=0x0000000000000000, R11=0x0000000000000246
R12=0x00007ff9cc15414c, R13=0x0000000c95923000, R14=0x00007ff9cbe10000, R15=0x0000000000000000
RIP=0x00007ff9cbeb5364, EFLAGS=0x0000000000010206

Top of Stack: (sp=0x0000000c9fdff018)
0x0000000c9fdff018:   000001a92a8c4190 000000007ffe0385
0x0000000c9fdff028:   0000000c9fdff050 0000000000000003
0x0000000c9fdff038:   00007ffa5827b86b 000000000007000c
0x0000000c9fdff048:   00000000000000f3 000001a919627ce0
0x0000000c9fdff058:   0000000000000001 000001a916eb7800
0x0000000c9fdff068:   396131fa5827b86b 0000000000000001
0x0000000c9fdff078:   000001a92a8c4190 000001a92a8c4190
0x0000000c9fdff088:   000001a95f6d0000 000001a95f6d0468
0x0000000c9fdff098:   00000000000000f1 0000000000002210
0x0000000c9fdff0a8:   000001a95f6d0cc0 000001a900027e00
0x0000000c9fdff0b8:   00007ffa58275ba1 0000000000000000
0x0000000c9fdff0c8:   0000000000002040 0000000000002038
0x0000000c9fdff0d8:   0000000000000010 0004800000000000
0x0000000c9fdff0e8:   ff5132b700000023 000001a9f0000000
0x0000000c9fdff0f8:   00007ffa00000005 0000000c9fdff130
0x0000000c9fdff108:   00007ff9cbe2daf3 0000000c9fdff178 

Instructions: (pc=0x00007ff9cbeb5364)
0x00007ff9cbeb5264:   8d 64 24 08 ff 64 24 f8 6a 18 e9 6a c1 fe ff 48
0x00007ff9cbeb5274:   8b 44 24 58 e9 6d d9 f9 ff cc 58 33 e8 7b ff ff
0x00007ff9cbeb5284:   ff c3 48 8b 45 50 8b 00 89 45 5c 51 8b 4d 58 d3
0x00007ff9cbeb5294:   45 5c 59 83 45 70 fc 8b 45 5c 03 45 60 89 45 60
0x00007ff9cbeb52a4:   8b 45 60 33 45 58 83 e0 1f 89 45 58 48 83 45 50
0x00007ff9cbeb52b4:   04 8b 45 70 83 f8 04 0f 8d c5 ff ff ff e9 aa 11
0x00007ff9cbeb52c4:   f6 ff 48 8b 94 24 88 01 00 00 48 83 fa 10 0f 82
0x00007ff9cbeb52d4:   77 a9 0e 00 e9 3d 46 ff ff 4c 8b f9 e9 c7 ab 0e
0x00007ff9cbeb52e4:   00 48 89 45 30 48 8b 45 30 48 89 45 28 50 48 8d
0x00007ff9cbeb52f4:   45 20 cd 2d e9 eb 66 fd ff cc b2 ab e8 7b ff ff
0x00007ff9cbeb5304:   ff c3 55 48 8d 2d e3 3e f9 ff e9 4b e1 27 00 83
0x00007ff9cbeb5314:   a5 3c 01 00 00 df e9 7a 11 fb ff 48 81 ec 08 00
0x00007ff9cbeb5324:   00 00 e9 4a 7a fb ff 48 8d 44 04 20 b9 01 00 00
0x00007ff9cbeb5334:   00 48 6b c9 00 0f b6 04 08 b9 04 00 00 00 e9 7f
0x00007ff9cbeb5344:   ad fc ff 4c 8b 61 28 b9 e0 00 00 00 e9 1b d8 0d
0x00007ff9cbeb5354:   00 48 89 44 24 20 b8 01 00 00 00 48 6b c0 01 e9
0x00007ff9cbeb5364:   d6 49 f8 ff a5 38 1f 80 01 00 00 00 48 8b 45 38
0x00007ff9cbeb5374:   8b 55 00 89 50 04 48 8d 65 20 5d c3 e8 7b ff ff
0x00007ff9cbeb5384:   ff c3 55 48 83 ec 30 48 8d 6c 24 20 48 89 4d 20
0x00007ff9cbeb5394:   48 8b 45 20 48 8b 00 8b 00 3d 03 00 00 80 0f 85
0x00007ff9cbeb53a4:   60 87 0d 00 e9 28 2b f8 ff 48 bd 78 29 0e cc f9
0x00007ff9cbeb53b4:   7f 00 00 48 87 2c 24 48 89 54 24 f8 48 8d 64 24
0x00007ff9cbeb53c4:   f8 e9 37 a7 10 00 48 8b 85 40 08 00 00 0f b6 40
0x00007ff9cbeb53d4:   01 48 0f be c0 89 c1 e8 a6 6d fd ff e9 df 43 fc
0x00007ff9cbeb53e4:   ff 48 8b 45 00 48 85 c0 0f 84 14 06 f8 ff e9 3a
0x00007ff9cbeb53f4:   b6 22 00 81 5b ff cb f9 7f 00 00 cc e8 7b ff ff
0x00007ff9cbeb5404:   ff c3 8b 85 38 01 00 00 8b 95 58 01 00 00 89 95
0x00007ff9cbeb5414:   28 01 00 00 33 d2 8b 8d 28 01 00 00 f7 f1 89 95
0x00007ff9cbeb5424:   40 01 00 00 8b 85 40 01 00 00 85 c0 0f 87 50 d7
0x00007ff9cbeb5434:   f8 ff e9 be 4e f9 ff 48 8b 05 96 2a 19 00 48 8b
0x00007ff9cbeb5444:   55 20 48 8b 0d ab 4a f8 ff 48 89 0c c2 8b 45 04
0x00007ff9cbeb5454:   83 f8 ff 0f 84 46 1d f8 ff e9 d2 03 ff ff 8b 45 


Stack slot to memory mapping:
stack at sp + 0 slots: 
[error occurred during error reporting (inspecting top of stack), id 0xc0000005, EXCEPTION_ACCESS_VIOLATION (0xc0000005) at pc=0x00007ff9c90779e1]


---------------  P R O C E S S  ---------------

VM state:not at safepoint (normal execution)

VM Mutex/Monitor currently owned by a thread: None

Heap address: 0x0000000740000000, size: 3072 MB, Compressed Oops mode: Zero based, Oop shift amount: 3
Narrow klass base: 0x0000000800000000, Narrow klass shift: 0
Compressed class space size: 1073741824 Address: 0x0000000800000000

Heap:
 garbage-first heap   total 262144K, used 91304K [0x0000000740000000, 0x0000000800000000)
  region size 1024K, 37 young (37888K), 0 survivors (0K)
 Metaspace       used 77523K, capacity 78216K, committed 81016K, reserved 1120256K
  class space    used 9454K, capacity 9736K, committed 10700K, reserved 1048576K
Heap Regions: E=young(eden), S=young(survivor), O=old, HS=humongous(starts), HC=humongous(continues), CS=collection set, F=free, A=archive, TAMS=top-at-mark-start (previous, next)
|   0|0x0000000740000000, 0x0000000740100000, 0x0000000740100000|100%|HS|  |TAMS 0x0000000740000000, 0x0000000740000000| Untracked 
|   1|0x0000000740100000, 0x0000000740200000, 0x0000000740200000|100%|HC|  |TAMS 0x0000000740100000, 0x0000000740100000| Untracked 
|   2|0x0000000740200000, 0x0000000740300000, 0x0000000740300000|100%|HS|  |TAMS 0x0000000740200000, 0x0000000740200000| Untracked 
|   3|0x0000000740300000, 0x0000000740400000, 0x0000000740400000|100%| O|  |TAMS 0x0000000740300000, 0x0000000740300000| Untracked 
|   4|0x0000000740400000, 0x00000007404fffe8, 0x0000000740500000| 99%| O|  |TAMS 0x0000000740400000, 0x0000000740400000| Untracked 
|   5|0x0000000740500000, 0x00000007405ffff8, 0x0000000740600000| 99%| O|  |TAMS 0x0000000740500000, 0x0000000740500000| Untracked 
|   6|0x0000000740600000, 0x00000007406ffff8, 0x0000000740700000| 99%| O|  |TAMS 0x0000000740600000, 0x0000000740600000| Untracked 
|   7|0x0000000740700000, 0x00000007407ffff8, 0x0000000740800000| 99%| O|  |TAMS 0x0000000740700000, 0x0000000740700000| Untracked 
|   8|0x0000000740800000, 0x0000000740900000, 0x0000000740900000|100%| O|  |TAMS 0x0000000740800000, 0x0000000740800000| Untracked 
|   9|0x0000000740900000, 0x00000007409ffff0, 0x0000000740a00000| 99%| O|  |TAMS 0x0000000740900000, 0x0000000740900000| Untracked 
|  10|0x0000000740a00000, 0x0000000740b00000, 0x0000000740b00000|100%| O|  |TAMS 0x0000000740a00000, 0x0000000740a00000| Untracked 
|  11|0x0000000740b00000, 0x0000000740bffff8, 0x0000000740c00000| 99%| O|  |TAMS 0x0000000740b00000, 0x0000000740b00000| Untracked 
|  12|0x0000000740c00000, 0x0000000740cffff0, 0x0000000740d00000| 99%| O|  |TAMS 0x0000000740c00000, 0x0000000740c00000| Untracked 
|  13|0x0000000740d00000, 0x0000000740e00000, 0x0000000740e00000|100%| O|  |TAMS 0x0000000740d00000, 0x0000000740d00000| Untracked 
|  14|0x0000000740e00000, 0x0000000740efaba0, 0x0000000740f00000| 97%| O|  |TAMS 0x0000000740e00000, 0x0000000740e00000| Untracked 
|  15|0x0000000740f00000, 0x0000000740fffff8, 0x0000000741000000| 99%| O|  |TAMS 0x0000000740f00000, 0x0000000740f00000| Untracked 
|  16|0x0000000741000000, 0x00000007410ffff0, 0x0000000741100000| 99%| O|  |TAMS 0x0000000741000000, 0x0000000741000000| Untracked 
|  17|0x0000000741100000, 0x0000000741200000, 0x0000000741200000|100%| O|  |TAMS 0x0000000741100000, 0x0000000741100000| Untracked 
|  18|0x0000000741200000, 0x00000007412ffff8, 0x0000000741300000| 99%| O|  |TAMS 0x0000000741200000, 0x0000000741200000| Untracked 
|  19|0x0000000741300000, 0x00000007413ffff8, 0x0000000741400000| 99%| O|  |TAMS 0x0000000741300000, 0x0000000741300000| Untracked 
|  20|0x0000000741400000, 0x00000007414ffff0, 0x0000000741500000| 99%| O|  |TAMS 0x0000000741400000, 0x0000000741400000| Untracked 
|  21|0x0000000741500000, 0x00000007415ffff0, 0x0000000741600000| 99%| O|  |TAMS 0x0000000741500000, 0x0000000741500000| Untracked 
|  22|0x0000000741600000, 0x00000007416ffff8, 0x0000000741700000| 99%| O|  |TAMS 0x0000000741600000, 0x0000000741600000| Untracked 
|  23|0x0000000741700000, 0x00000007417ffff8, 0x0000000741800000| 99%| O|  |TAMS 0x0000000741700000, 0x0000000741700000| Untracked 
|  24|0x0000000741800000, 0x00000007418ffff8, 0x0000000741900000| 99%| O|  |TAMS 0x0000000741800000, 0x0000000741800000| Untracked 
|  25|0x0000000741900000, 0x00000007419ffff0, 0x0000000741a00000| 99%| O|  |TAMS 0x0000000741900000, 0x0000000741900000| Untracked 
|  26|0x0000000741a00000, 0x0000000741b00000, 0x0000000741b00000|100%| O|  |TAMS 0x0000000741a00000, 0x0000000741a00000| Untracked 
|  27|0x0000000741b00000, 0x0000000741bffff0, 0x0000000741c00000| 99%| O|  |TAMS 0x0000000741b00000, 0x0000000741b00000| Untracked 
|  28|0x0000000741c00000, 0x0000000741cffff8, 0x0000000741d00000| 99%| O|  |TAMS 0x0000000741c00000, 0x0000000741c00000| Untracked 
|  29|0x0000000741d00000, 0x0000000741e00000, 0x0000000741e00000|100%| O|  |TAMS 0x0000000741d00000, 0x0000000741d00000| Untracked 
|  30|0x0000000741e00000, 0x0000000741f00000, 0x0000000741f00000|100%| O|  |TAMS 0x0000000741e00000, 0x0000000741e00000| Untracked 
|  31|0x0000000741f00000, 0x0000000742000000, 0x0000000742000000|100%| O|  |TAMS 0x0000000741f00000, 0x0000000741f00000| Untracked 
|  32|0x0000000742000000, 0x0000000742100000, 0x0000000742100000|100%| O|  |TAMS 0x0000000742000000, 0x0000000742000000| Untracked 
|  33|0x0000000742100000, 0x00000007421ffff8, 0x0000000742200000| 99%| O|  |TAMS 0x0000000742100000, 0x0000000742100000| Untracked 
|  34|0x0000000742200000, 0x0000000742300000, 0x0000000742300000|100%| O|  |TAMS 0x0000000742200000, 0x0000000742200000| Untracked 
|  35|0x0000000742300000, 0x00000007423ffff8, 0x0000000742400000| 99%| O|  |TAMS 0x0000000742300000, 0x0000000742300000| Untracked 
|  36|0x0000000742400000, 0x0000000742500000, 0x0000000742500000|100%| O|  |TAMS 0x0000000742400000, 0x0000000742400000| Untracked 
|  37|0x0000000742500000, 0x0000000742600000, 0x0000000742600000|100%| O|  |TAMS 0x0000000742500000, 0x0000000742500000| Untracked 
|  38|0x0000000742600000, 0x0000000742700000, 0x0000000742700000|100%| O|  |TAMS 0x0000000742600000, 0x0000000742600000| Untracked 
|  39|0x0000000742700000, 0x0000000742800000, 0x0000000742800000|100%| O|  |TAMS 0x0000000742700000, 0x0000000742700000| Untracked 
|  40|0x0000000742800000, 0x00000007428ffff0, 0x0000000742900000| 99%| O|  |TAMS 0x0000000742800000, 0x0000000742800000| Untracked 
|  41|0x0000000742900000, 0x0000000742a00000, 0x0000000742a00000|100%|HS|  |TAMS 0x0000000742900000, 0x0000000742900000| Untracked 
|  42|0x0000000742a00000, 0x0000000742b00000, 0x0000000742b00000|100%|HC|  |TAMS 0x0000000742a00000, 0x0000000742a00000| Untracked 
|  43|0x0000000742b00000, 0x0000000742c00000, 0x0000000742c00000|100%|HC|  |TAMS 0x0000000742b00000, 0x0000000742b00000| Untracked 
|  44|0x0000000742c00000, 0x0000000742d00000, 0x0000000742d00000|100%|HC|  |TAMS 0x0000000742c00000, 0x0000000742c00000| Untracked 
|  45|0x0000000742d00000, 0x0000000742e00000, 0x0000000742e00000|100%|HC|  |TAMS 0x0000000742d00000, 0x0000000742d00000| Untracked 
|  46|0x0000000742e00000, 0x0000000742f00000, 0x0000000742f00000|100%|HC|  |TAMS 0x0000000742e00000, 0x0000000742e00000| Untracked 
|  47|0x0000000742f00000, 0x0000000743000000, 0x0000000743000000|100%|HC|  |TAMS 0x0000000742f00000, 0x0000000742f00000| Untracked 
|  48|0x0000000743000000, 0x0000000743100000, 0x0000000743100000|100%|HC|  |TAMS 0x0000000743000000, 0x0000000743000000| Untracked 
|  49|0x0000000743100000, 0x00000007431fffe8, 0x0000000743200000| 99%| O|  |TAMS 0x0000000743100000, 0x0000000743100000| Untracked 
|  50|0x0000000743200000, 0x00000007432e6760, 0x0000000743300000| 90%| O|  |TAMS 0x0000000743200000, 0x0000000743200000| Untracked 
|  51|0x0000000743300000, 0x00000007433dd3f8, 0x0000000743400000| 86%| O|  |TAMS 0x0000000743300000, 0x0000000743300000| Untracked 
|  52|0x0000000743400000, 0x00000007434ba1d8, 0x0000000743500000| 72%| O|  |TAMS 0x0000000743400000, 0x0000000743400000| Untracked 
|  53|0x0000000743500000, 0x000000074356d998, 0x0000000743600000| 42%| O|  |TAMS 0x0000000743500000, 0x0000000743500000| Untracked 
|  54|0x0000000743600000, 0x00000007436035a8, 0x0000000743700000|  1%| O|  |TAMS 0x0000000743600000, 0x0000000743600000| Untracked 
|  55|0x0000000743700000, 0x0000000743700000, 0x0000000743800000|  0%| F|  |TAMS 0x0000000743700000, 0x0000000743700000| Untracked 
|  56|0x0000000743800000, 0x0000000743800000, 0x0000000743900000|  0%| F|  |TAMS 0x0000000743800000, 0x0000000743800000| Untracked 
|  57|0x0000000743900000, 0x0000000743900000, 0x0000000743a00000|  0%| F|  |TAMS 0x0000000743900000, 0x0000000743900000| Untracked 
|  58|0x0000000743a00000, 0x0000000743a00000, 0x0000000743b00000|  0%| F|  |TAMS 0x0000000743a00000, 0x0000000743a00000| Untracked 
|  59|0x0000000743b00000, 0x0000000743b00000, 0x0000000743c00000|  0%| F|  |TAMS 0x0000000743b00000, 0x0000000743b00000| Untracked 
|  60|0x0000000743c00000, 0x0000000743c00000, 0x0000000743d00000|  0%| F|  |TAMS 0x0000000743c00000, 0x0000000743c00000| Untracked 
|  61|0x0000000743d00000, 0x0000000743d00000, 0x0000000743e00000|  0%| F|  |TAMS 0x0000000743d00000, 0x0000000743d00000| Untracked 
|  62|0x0000000743e00000, 0x0000000743e00000, 0x0000000743f00000|  0%| F|  |TAMS 0x0000000743e00000, 0x0000000743e00000| Untracked 
|  63|0x0000000743f00000, 0x0000000743f00000, 0x0000000744000000|  0%| F|  |TAMS 0x0000000743f00000, 0x0000000743f00000| Untracked 
|  64|0x0000000744000000, 0x0000000744000000, 0x0000000744100000|  0%| F|  |TAMS 0x0000000744000000, 0x0000000744000000| Untracked 
|  65|0x0000000744100000, 0x0000000744100000, 0x0000000744200000|  0%| F|  |TAMS 0x0000000744100000, 0x0000000744100000| Untracked 
|  66|0x0000000744200000, 0x0000000744200000, 0x0000000744300000|  0%| F|  |TAMS 0x0000000744200000, 0x0000000744200000| Untracked 
|  67|0x0000000744300000, 0x0000000744300000, 0x0000000744400000|  0%| F|  |TAMS 0x0000000744300000, 0x0000000744300000| Untracked 
|  68|0x0000000744400000, 0x0000000744400000, 0x0000000744500000|  0%| F|  |TAMS 0x0000000744400000, 0x0000000744400000| Untracked 
|  69|0x0000000744500000, 0x0000000744500000, 0x0000000744600000|  0%| F|  |TAMS 0x0000000744500000, 0x0000000744500000| Untracked 
|  70|0x0000000744600000, 0x0000000744600000, 0x0000000744700000|  0%| F|  |TAMS 0x0000000744600000, 0x0000000744600000| Untracked 
|  71|0x0000000744700000, 0x0000000744700000, 0x0000000744800000|  0%| F|  |TAMS 0x0000000744700000, 0x0000000744700000| Untracked 
|  72|0x0000000744800000, 0x0000000744800000, 0x0000000744900000|  0%| F|  |TAMS 0x0000000744800000, 0x0000000744800000| Untracked 
|  73|0x0000000744900000, 0x0000000744900000, 0x0000000744a00000|  0%| F|  |TAMS 0x0000000744900000, 0x0000000744900000| Untracked 
|  74|0x0000000744a00000, 0x0000000744a00000, 0x0000000744b00000|  0%| F|  |TAMS 0x0000000744a00000, 0x0000000744a00000| Untracked 
|  75|0x0000000744b00000, 0x0000000744b00000, 0x0000000744c00000|  0%| F|  |TAMS 0x0000000744b00000, 0x0000000744b00000| Untracked 
|  76|0x0000000744c00000, 0x0000000744c00000, 0x0000000744d00000|  0%| F|  |TAMS 0x0000000744c00000, 0x0000000744c00000| Untracked 
|  77|0x0000000744d00000, 0x0000000744d00000, 0x0000000744e00000|  0%| F|  |TAMS 0x0000000744d00000, 0x0000000744d00000| Untracked 
|  78|0x0000000744e00000, 0x0000000744e00000, 0x0000000744f00000|  0%| F|  |TAMS 0x0000000744e00000, 0x0000000744e00000| Untracked 
|  79|0x0000000744f00000, 0x0000000744f00000, 0x0000000745000000|  0%| F|  |TAMS 0x0000000744f00000, 0x0000000744f00000| Untracked 
|  80|0x0000000745000000, 0x0000000745000000, 0x0000000745100000|  0%| F|  |TAMS 0x0000000745000000, 0x0000000745000000| Untracked 
|  81|0x0000000745100000, 0x0000000745100000, 0x0000000745200000|  0%| F|  |TAMS 0x0000000745100000, 0x0000000745100000| Untracked 
|  82|0x0000000745200000, 0x0000000745200000, 0x0000000745300000|  0%| F|  |TAMS 0x0000000745200000, 0x0000000745200000| Untracked 
|  83|0x0000000745300000, 0x0000000745300000, 0x0000000745400000|  0%| F|  |TAMS 0x0000000745300000, 0x0000000745300000| Untracked 
|  84|0x0000000745400000, 0x0000000745400000, 0x0000000745500000|  0%| F|  |TAMS 0x0000000745400000, 0x0000000745400000| Untracked 
|  85|0x0000000745500000, 0x0000000745500000, 0x0000000745600000|  0%| F|  |TAMS 0x0000000745500000, 0x0000000745500000| Untracked 
|  86|0x0000000745600000, 0x0000000745600000, 0x0000000745700000|  0%| F|  |TAMS 0x0000000745600000, 0x0000000745600000| Untracked 
|  87|0x0000000745700000, 0x0000000745700000, 0x0000000745800000|  0%| F|  |TAMS 0x0000000745700000, 0x0000000745700000| Untracked 
|  88|0x0000000745800000, 0x0000000745800000, 0x0000000745900000|  0%| F|  |TAMS 0x0000000745800000, 0x0000000745800000| Untracked 
|  89|0x0000000745900000, 0x0000000745900000, 0x0000000745a00000|  0%| F|  |TAMS 0x0000000745900000, 0x0000000745900000| Untracked 
|  90|0x0000000745a00000, 0x0000000745a00000, 0x0000000745b00000|  0%| F|  |TAMS 0x0000000745a00000, 0x0000000745a00000| Untracked 
|  91|0x0000000745b00000, 0x0000000745b00000, 0x0000000745c00000|  0%| F|  |TAMS 0x0000000745b00000, 0x0000000745b00000| Untracked 
|  92|0x0000000745c00000, 0x0000000745c00000, 0x0000000745d00000|  0%| F|  |TAMS 0x0000000745c00000, 0x0000000745c00000| Untracked 
|  93|0x0000000745d00000, 0x0000000745d00000, 0x0000000745e00000|  0%| F|  |TAMS 0x0000000745d00000, 0x0000000745d00000| Untracked 
|  94|0x0000000745e00000, 0x0000000745e00000, 0x0000000745f00000|  0%| F|  |TAMS 0x0000000745e00000, 0x0000000745e00000| Untracked 
|  95|0x0000000745f00000, 0x0000000745f00000, 0x0000000746000000|  0%| F|  |TAMS 0x0000000745f00000, 0x0000000745f00000| Untracked 
|  96|0x0000000746000000, 0x0000000746000000, 0x0000000746100000|  0%| F|  |TAMS 0x0000000746000000, 0x0000000746000000| Untracked 
|  97|0x0000000746100000, 0x0000000746100000, 0x0000000746200000|  0%| F|  |TAMS 0x0000000746100000, 0x0000000746100000| Untracked 
|  98|0x0000000746200000, 0x0000000746200000, 0x0000000746300000|  0%| F|  |TAMS 0x0000000746200000, 0x0000000746200000| Untracked 
|  99|0x0000000746300000, 0x0000000746300000, 0x0000000746400000|  0%| F|  |TAMS 0x0000000746300000, 0x0000000746300000| Untracked 
| 100|0x0000000746400000, 0x0000000746400000, 0x0000000746500000|  0%| F|  |TAMS 0x0000000746400000, 0x0000000746400000| Untracked 
| 101|0x0000000746500000, 0x0000000746500000, 0x0000000746600000|  0%| F|  |TAMS 0x0000000746500000, 0x0000000746500000| Untracked 
| 102|0x0000000746600000, 0x0000000746600000, 0x0000000746700000|  0%| F|  |TAMS 0x0000000746600000, 0x0000000746600000| Untracked 
| 103|0x0000000746700000, 0x0000000746700000, 0x0000000746800000|  0%| F|  |TAMS 0x0000000746700000, 0x0000000746700000| Untracked 
| 104|0x0000000746800000, 0x0000000746800000, 0x0000000746900000|  0%| F|  |TAMS 0x0000000746800000, 0x0000000746800000| Untracked 
| 105|0x0000000746900000, 0x0000000746900000, 0x0000000746a00000|  0%| F|  |TAMS 0x0000000746900000, 0x0000000746900000| Untracked 
| 106|0x0000000746a00000, 0x0000000746a00000, 0x0000000746b00000|  0%| F|  |TAMS 0x0000000746a00000, 0x0000000746a00000| Untracked 
| 107|0x0000000746b00000, 0x0000000746b00000, 0x0000000746c00000|  0%| F|  |TAMS 0x0000000746b00000, 0x0000000746b00000| Untracked 
| 108|0x0000000746c00000, 0x0000000746c00000, 0x0000000746d00000|  0%| F|  |TAMS 0x0000000746c00000, 0x0000000746c00000| Untracked 
| 109|0x0000000746d00000, 0x0000000746d00000, 0x0000000746e00000|  0%| F|  |TAMS 0x0000000746d00000, 0x0000000746d00000| Untracked 
| 110|0x0000000746e00000, 0x0000000746e00000, 0x0000000746f00000|  0%| F|  |TAMS 0x0000000746e00000, 0x0000000746e00000| Untracked 
| 111|0x0000000746f00000, 0x0000000746f00000, 0x0000000747000000|  0%| F|  |TAMS 0x0000000746f00000, 0x0000000746f00000| Untracked 
| 112|0x0000000747000000, 0x0000000747000000, 0x0000000747100000|  0%| F|  |TAMS 0x0000000747000000, 0x0000000747000000| Untracked 
| 113|0x0000000747100000, 0x0000000747137b70, 0x0000000747200000| 21%| O|  |TAMS 0x0000000747100000, 0x0000000747100000| Untracked 
| 114|0x0000000747200000, 0x0000000747200000, 0x0000000747300000|  0%| F|  |TAMS 0x0000000747200000, 0x0000000747200000| Untracked 
| 115|0x0000000747300000, 0x0000000747300000, 0x0000000747400000|  0%| F|  |TAMS 0x0000000747300000, 0x0000000747300000| Untracked 
| 116|0x0000000747400000, 0x0000000747400000, 0x0000000747500000|  0%| F|  |TAMS 0x0000000747400000, 0x0000000747400000| Untracked 
| 117|0x0000000747500000, 0x0000000747500000, 0x0000000747600000|  0%| F|  |TAMS 0x0000000747500000, 0x0000000747500000| Untracked 
| 118|0x0000000747600000, 0x0000000747600000, 0x0000000747700000|  0%| F|  |TAMS 0x0000000747600000, 0x0000000747600000| Untracked 
| 119|0x0000000747700000, 0x0000000747700000, 0x0000000747800000|  0%| F|  |TAMS 0x0000000747700000, 0x0000000747700000| Untracked 
| 120|0x0000000747800000, 0x0000000747800000, 0x0000000747900000|  0%| F|  |TAMS 0x0000000747800000, 0x0000000747800000| Untracked 
| 121|0x0000000747900000, 0x0000000747900000, 0x0000000747a00000|  0%| F|  |TAMS 0x0000000747900000, 0x0000000747900000| Untracked 
| 122|0x0000000747a00000, 0x0000000747a00000, 0x0000000747b00000|  0%| F|  |TAMS 0x0000000747a00000, 0x0000000747a00000| Untracked 
| 123|0x0000000747b00000, 0x0000000747b00000, 0x0000000747c00000|  0%| F|  |TAMS 0x0000000747b00000, 0x0000000747b00000| Untracked 
| 124|0x0000000747c00000, 0x0000000747c00000, 0x0000000747d00000|  0%| F|  |TAMS 0x0000000747c00000, 0x0000000747c00000| Untracked 
| 125|0x0000000747d00000, 0x0000000747d00000, 0x0000000747e00000|  0%| F|  |TAMS 0x0000000747d00000, 0x0000000747d00000| Untracked 
| 126|0x0000000747e00000, 0x0000000747e00000, 0x0000000747f00000|  0%| F|  |TAMS 0x0000000747e00000, 0x0000000747e00000| Untracked 
| 127|0x0000000747f00000, 0x0000000747f00000, 0x0000000748000000|  0%| F|  |TAMS 0x0000000747f00000, 0x0000000747f00000| Untracked 
| 128|0x0000000748000000, 0x0000000748000000, 0x0000000748100000|  0%| F|  |TAMS 0x0000000748000000, 0x0000000748000000| Untracked 
| 129|0x0000000748100000, 0x0000000748100000, 0x0000000748200000|  0%| F|  |TAMS 0x0000000748100000, 0x0000000748100000| Untracked 
| 130|0x0000000748200000, 0x0000000748200000, 0x0000000748300000|  0%| F|  |TAMS 0x0000000748200000, 0x0000000748200000| Untracked 
| 131|0x0000000748300000, 0x0000000748300000, 0x0000000748400000|  0%| F|  |TAMS 0x0000000748300000, 0x0000000748300000| Untracked 
| 132|0x0000000748400000, 0x0000000748400000, 0x0000000748500000|  0%| F|  |TAMS 0x0000000748400000, 0x0000000748400000| Untracked 
| 133|0x0000000748500000, 0x0000000748500000, 0x0000000748600000|  0%| F|  |TAMS 0x0000000748500000, 0x0000000748500000| Untracked 
| 134|0x0000000748600000, 0x0000000748600000, 0x0000000748700000|  0%| F|  |TAMS 0x0000000748600000, 0x0000000748600000| Untracked 
| 135|0x0000000748700000, 0x0000000748700000, 0x0000000748800000|  0%| F|  |TAMS 0x0000000748700000, 0x0000000748700000| Untracked 
| 136|0x0000000748800000, 0x0000000748800000, 0x0000000748900000|  0%| F|  |TAMS 0x0000000748800000, 0x0000000748800000| Untracked 
| 137|0x0000000748900000, 0x0000000748900000, 0x0000000748a00000|  0%| F|  |TAMS 0x0000000748900000, 0x0000000748900000| Untracked 
| 138|0x0000000748a00000, 0x0000000748a00000, 0x0000000748b00000|  0%| F|  |TAMS 0x0000000748a00000, 0x0000000748a00000| Untracked 
| 139|0x0000000748b00000, 0x0000000748b00000, 0x0000000748c00000|  0%| F|  |TAMS 0x0000000748b00000, 0x0000000748b00000| Untracked 
| 140|0x0000000748c00000, 0x0000000748c00000, 0x0000000748d00000|  0%| F|  |TAMS 0x0000000748c00000, 0x0000000748c00000| Untracked 
| 141|0x0000000748d00000, 0x0000000748d00000, 0x0000000748e00000|  0%| F|  |TAMS 0x0000000748d00000, 0x0000000748d00000| Untracked 
| 142|0x0000000748e00000, 0x0000000748e00000, 0x0000000748f00000|  0%| F|  |TAMS 0x0000000748e00000, 0x0000000748e00000| Untracked 
| 143|0x0000000748f00000, 0x0000000748f00000, 0x0000000749000000|  0%| F|  |TAMS 0x0000000748f00000, 0x0000000748f00000| Untracked 
| 144|0x0000000749000000, 0x0000000749000000, 0x0000000749100000|  0%| F|  |TAMS 0x0000000749000000, 0x0000000749000000| Untracked 
| 145|0x0000000749100000, 0x0000000749104fb0, 0x0000000749200000|  1%| O|  |TAMS 0x0000000749100000, 0x0000000749100000| Untracked 
| 146|0x0000000749200000, 0x0000000749200000, 0x0000000749300000|  0%| F|  |TAMS 0x0000000749200000, 0x0000000749200000| Untracked 
| 147|0x0000000749300000, 0x0000000749300000, 0x0000000749400000|  0%| F|  |TAMS 0x0000000749300000, 0x0000000749300000| Untracked 
| 148|0x0000000749400000, 0x0000000749400000, 0x0000000749500000|  0%| F|  |TAMS 0x0000000749400000, 0x0000000749400000| Untracked 
| 149|0x0000000749500000, 0x0000000749500000, 0x0000000749600000|  0%| F|  |TAMS 0x0000000749500000, 0x0000000749500000| Untracked 
| 150|0x0000000749600000, 0x0000000749600000, 0x0000000749700000|  0%| F|  |TAMS 0x0000000749600000, 0x0000000749600000| Untracked 
| 151|0x0000000749700000, 0x0000000749700000, 0x0000000749800000|  0%| F|  |TAMS 0x0000000749700000, 0x0000000749700000| Untracked 
| 152|0x0000000749800000, 0x0000000749800000, 0x0000000749900000|  0%| F|  |TAMS 0x0000000749800000, 0x0000000749800000| Untracked 
| 153|0x0000000749900000, 0x0000000749900000, 0x0000000749a00000|  0%| F|  |TAMS 0x0000000749900000, 0x0000000749900000| Untracked 
| 154|0x0000000749a00000, 0x0000000749a00000, 0x0000000749b00000|  0%| F|  |TAMS 0x0000000749a00000, 0x0000000749a00000| Untracked 
| 155|0x0000000749b00000, 0x0000000749b00000, 0x0000000749c00000|  0%| F|  |TAMS 0x0000000749b00000, 0x0000000749b00000| Untracked 
| 156|0x0000000749c00000, 0x0000000749c00000, 0x0000000749d00000|  0%| F|  |TAMS 0x0000000749c00000, 0x0000000749c00000| Untracked 
| 157|0x0000000749d00000, 0x0000000749d00000, 0x0000000749e00000|  0%| F|  |TAMS 0x0000000749d00000, 0x0000000749d00000| Untracked 
| 158|0x0000000749e00000, 0x0000000749e00000, 0x0000000749f00000|  0%| F|  |TAMS 0x0000000749e00000, 0x0000000749e00000| Untracked 
| 159|0x0000000749f00000, 0x0000000749f00000, 0x000000074a000000|  0%| F|  |TAMS 0x0000000749f00000, 0x0000000749f00000| Untracked 
| 160|0x000000074a000000, 0x000000074a000000, 0x000000074a100000|  0%| F|  |TAMS 0x000000074a000000, 0x000000074a000000| Untracked 
| 161|0x000000074a100000, 0x000000074a100000, 0x000000074a200000|  0%| F|  |TAMS 0x000000074a100000, 0x000000074a100000| Untracked 
| 162|0x000000074a200000, 0x000000074a200000, 0x000000074a300000|  0%| F|  |TAMS 0x000000074a200000, 0x000000074a200000| Untracked 
| 163|0x000000074a300000, 0x000000074a300000, 0x000000074a400000|  0%| F|  |TAMS 0x000000074a300000, 0x000000074a300000| Untracked 
| 164|0x000000074a400000, 0x000000074a400000, 0x000000074a500000|  0%| F|  |TAMS 0x000000074a400000, 0x000000074a400000| Untracked 
| 165|0x000000074a500000, 0x000000074a500000, 0x000000074a600000|  0%| F|  |TAMS 0x000000074a500000, 0x000000074a500000| Untracked 
| 166|0x000000074a600000, 0x000000074a600000, 0x000000074a700000|  0%| F|  |TAMS 0x000000074a600000, 0x000000074a600000| Untracked 
| 167|0x000000074a700000, 0x000000074a700000, 0x000000074a800000|  0%| F|  |TAMS 0x000000074a700000, 0x000000074a700000| Untracked 
| 168|0x000000074a800000, 0x000000074a800000, 0x000000074a900000|  0%| F|  |TAMS 0x000000074a800000, 0x000000074a800000| Untracked 
| 169|0x000000074a900000, 0x000000074a900000, 0x000000074aa00000|  0%| F|  |TAMS 0x000000074a900000, 0x000000074a900000| Untracked 
| 170|0x000000074aa00000, 0x000000074aa00000, 0x000000074ab00000|  0%| F|  |TAMS 0x000000074aa00000, 0x000000074aa00000| Untracked 
| 171|0x000000074ab00000, 0x000000074ab00000, 0x000000074ac00000|  0%| F|  |TAMS 0x000000074ab00000, 0x000000074ab00000| Untracked 
| 172|0x000000074ac00000, 0x000000074ac00000, 0x000000074ad00000|  0%| F|  |TAMS 0x000000074ac00000, 0x000000074ac00000| Untracked 
| 173|0x000000074ad00000, 0x000000074ad00000, 0x000000074ae00000|  0%| F|  |TAMS 0x000000074ad00000, 0x000000074ad00000| Untracked 
| 174|0x000000074ae00000, 0x000000074ae00000, 0x000000074af00000|  0%| F|  |TAMS 0x000000074ae00000, 0x000000074ae00000| Untracked 
| 175|0x000000074af00000, 0x000000074af00000, 0x000000074b000000|  0%| F|  |TAMS 0x000000074af00000, 0x000000074af00000| Untracked 
| 176|0x000000074b000000, 0x000000074b000000, 0x000000074b100000|  0%| F|  |TAMS 0x000000074b000000, 0x000000074b000000| Untracked 
| 177|0x000000074b100000, 0x000000074b100000, 0x000000074b200000|  0%| F|  |TAMS 0x000000074b100000, 0x000000074b100000| Untracked 
| 178|0x000000074b200000, 0x000000074b200000, 0x000000074b300000|  0%| F|  |TAMS 0x000000074b200000, 0x000000074b200000| Untracked 
| 179|0x000000074b300000, 0x000000074b300000, 0x000000074b400000|  0%| F|  |TAMS 0x000000074b300000, 0x000000074b300000| Untracked 
| 180|0x000000074b400000, 0x000000074b400000, 0x000000074b500000|  0%| F|  |TAMS 0x000000074b400000, 0x000000074b400000| Untracked 
| 181|0x000000074b500000, 0x000000074b500000, 0x000000074b600000|  0%| F|  |TAMS 0x000000074b500000, 0x000000074b500000| Untracked 
| 182|0x000000074b600000, 0x000000074b600000, 0x000000074b700000|  0%| F|  |TAMS 0x000000074b600000, 0x000000074b600000| Untracked 
| 183|0x000000074b700000, 0x000000074b700000, 0x000000074b800000|  0%| F|  |TAMS 0x000000074b700000, 0x000000074b700000| Untracked 
| 184|0x000000074b800000, 0x000000074b800000, 0x000000074b900000|  0%| F|  |TAMS 0x000000074b800000, 0x000000074b800000| Untracked 
| 185|0x000000074b900000, 0x000000074b900000, 0x000000074ba00000|  0%| F|  |TAMS 0x000000074b900000, 0x000000074b900000| Untracked 
| 186|0x000000074ba00000, 0x000000074ba00000, 0x000000074bb00000|  0%| F|  |TAMS 0x000000074ba00000, 0x000000074ba00000| Untracked 
| 187|0x000000074bb00000, 0x000000074bb00000, 0x000000074bc00000|  0%| F|  |TAMS 0x000000074bb00000, 0x000000074bb00000| Untracked 
| 188|0x000000074bc00000, 0x000000074bc00000, 0x000000074bd00000|  0%| F|  |TAMS 0x000000074bc00000, 0x000000074bc00000| Untracked 
| 189|0x000000074bd00000, 0x000000074bd00000, 0x000000074be00000|  0%| F|  |TAMS 0x000000074bd00000, 0x000000074bd00000| Untracked 
| 190|0x000000074be00000, 0x000000074be00000, 0x000000074bf00000|  0%| F|  |TAMS 0x000000074be00000, 0x000000074be00000| Untracked 
| 191|0x000000074bf00000, 0x000000074bf00000, 0x000000074c000000|  0%| F|  |TAMS 0x000000074bf00000, 0x000000074bf00000| Untracked 
| 192|0x000000074c000000, 0x000000074c000000, 0x000000074c100000|  0%| F|  |TAMS 0x000000074c000000, 0x000000074c000000| Untracked 
| 193|0x000000074c100000, 0x000000074c100000, 0x000000074c200000|  0%| F|  |TAMS 0x000000074c100000, 0x000000074c100000| Untracked 
| 194|0x000000074c200000, 0x000000074c200000, 0x000000074c300000|  0%| F|  |TAMS 0x000000074c200000, 0x000000074c200000| Untracked 
| 195|0x000000074c300000, 0x000000074c300000, 0x000000074c400000|  0%| F|  |TAMS 0x000000074c300000, 0x000000074c300000| Untracked 
| 196|0x000000074c400000, 0x000000074c400000, 0x000000074c500000|  0%| F|  |TAMS 0x000000074c400000, 0x000000074c400000| Untracked 
| 197|0x000000074c500000, 0x000000074c500000, 0x000000074c600000|  0%| F|  |TAMS 0x000000074c500000, 0x000000074c500000| Untracked 
| 198|0x000000074c600000, 0x000000074c600000, 0x000000074c700000|  0%| F|  |TAMS 0x000000074c600000, 0x000000074c600000| Untracked 
| 199|0x000000074c700000, 0x000000074c700000, 0x000000074c800000|  0%| F|  |TAMS 0x000000074c700000, 0x000000074c700000| Untracked 
| 200|0x000000074c800000, 0x000000074c800000, 0x000000074c900000|  0%| F|  |TAMS 0x000000074c800000, 0x000000074c800000| Untracked 
| 201|0x000000074c900000, 0x000000074c900000, 0x000000074ca00000|  0%| F|  |TAMS 0x000000074c900000, 0x000000074c900000| Untracked 
| 202|0x000000074ca00000, 0x000000074ca00000, 0x000000074cb00000|  0%| F|  |TAMS 0x000000074ca00000, 0x000000074ca00000| Untracked 
| 203|0x000000074cb00000, 0x000000074cb00000, 0x000000074cc00000|  0%| F|  |TAMS 0x000000074cb00000, 0x000000074cb00000| Untracked 
| 204|0x000000074cc00000, 0x000000074cc00000, 0x000000074cd00000|  0%| F|  |TAMS 0x000000074cc00000, 0x000000074cc00000| Untracked 
| 205|0x000000074cd00000, 0x000000074cd00000, 0x000000074ce00000|  0%| F|  |TAMS 0x000000074cd00000, 0x000000074cd00000| Untracked 
| 206|0x000000074ce00000, 0x000000074ce00000, 0x000000074cf00000|  0%| F|  |TAMS 0x000000074ce00000, 0x000000074ce00000| Untracked 
| 207|0x000000074cf00000, 0x000000074cf00000, 0x000000074d000000|  0%| F|  |TAMS 0x000000074cf00000, 0x000000074cf00000| Untracked 
| 208|0x000000074d000000, 0x000000074d000000, 0x000000074d100000|  0%| F|  |TAMS 0x000000074d000000, 0x000000074d000000| Untracked 
| 209|0x000000074d100000, 0x000000074d100000, 0x000000074d200000|  0%| F|  |TAMS 0x000000074d100000, 0x000000074d100000| Untracked 
| 210|0x000000074d200000, 0x000000074d200000, 0x000000074d300000|  0%| F|  |TAMS 0x000000074d200000, 0x000000074d200000| Untracked 
| 211|0x000000074d300000, 0x000000074d300000, 0x000000074d400000|  0%| F|  |TAMS 0x000000074d300000, 0x000000074d300000| Untracked 
| 212|0x000000074d400000, 0x000000074d400000, 0x000000074d500000|  0%| F|  |TAMS 0x000000074d400000, 0x000000074d400000| Untracked 
| 213|0x000000074d500000, 0x000000074d503f08, 0x000000074d600000|  1%| O|  |TAMS 0x000000074d500000, 0x000000074d500000| Untracked 
| 214|0x000000074d600000, 0x000000074d600000, 0x000000074d700000|  0%| F|  |TAMS 0x000000074d600000, 0x000000074d600000| Untracked 
| 215|0x000000074d700000, 0x000000074d700000, 0x000000074d800000|  0%| F|  |TAMS 0x000000074d700000, 0x000000074d700000| Untracked 
| 216|0x000000074d800000, 0x000000074d800000, 0x000000074d900000|  0%| F|  |TAMS 0x000000074d800000, 0x000000074d800000| Untracked 
| 217|0x000000074d900000, 0x000000074d900000, 0x000000074da00000|  0%| F|  |TAMS 0x000000074d900000, 0x000000074d900000| Untracked 
| 218|0x000000074da00000, 0x000000074da00000, 0x000000074db00000|  0%| F|  |TAMS 0x000000074da00000, 0x000000074da00000| Untracked 
| 219|0x000000074db00000, 0x000000074db5cc48, 0x000000074dc00000| 36%| E|  |TAMS 0x000000074db00000, 0x000000074db00000| Complete 
| 220|0x000000074dc00000, 0x000000074dd00000, 0x000000074dd00000|100%| E|CS|TAMS 0x000000074dc00000, 0x000000074dc00000| Complete 
| 221|0x000000074dd00000, 0x000000074de00000, 0x000000074de00000|100%| E|CS|TAMS 0x000000074dd00000, 0x000000074dd00000| Complete 
| 222|0x000000074de00000, 0x000000074df00000, 0x000000074df00000|100%| E|CS|TAMS 0x000000074de00000, 0x000000074de00000| Complete 
| 223|0x000000074df00000, 0x000000074e000000, 0x000000074e000000|100%| E|CS|TAMS 0x000000074df00000, 0x000000074df00000| Complete 
| 224|0x000000074e000000, 0x000000074e100000, 0x000000074e100000|100%| E|CS|TAMS 0x000000074e000000, 0x000000074e000000| Complete 
| 225|0x000000074e100000, 0x000000074e200000, 0x000000074e200000|100%| E|CS|TAMS 0x000000074e100000, 0x000000074e100000| Complete 
| 226|0x000000074e200000, 0x000000074e300000, 0x000000074e300000|100%| E|CS|TAMS 0x000000074e200000, 0x000000074e200000| Complete 
| 227|0x000000074e300000, 0x000000074e400000, 0x000000074e400000|100%| E|CS|TAMS 0x000000074e300000, 0x000000074e300000| Complete 
| 228|0x000000074e400000, 0x000000074e500000, 0x000000074e500000|100%| E|CS|TAMS 0x000000074e400000, 0x000000074e400000| Complete 
| 229|0x000000074e500000, 0x000000074e600000, 0x000000074e600000|100%| E|CS|TAMS 0x000000074e500000, 0x000000074e500000| Complete 
| 230|0x000000074e600000, 0x000000074e700000, 0x000000074e700000|100%| E|CS|TAMS 0x000000074e600000, 0x000000074e600000| Complete 
| 231|0x000000074e700000, 0x000000074e800000, 0x000000074e800000|100%| E|CS|TAMS 0x000000074e700000, 0x000000074e700000| Complete 
| 232|0x000000074e800000, 0x000000074e900000, 0x000000074e900000|100%| E|CS|TAMS 0x000000074e800000, 0x000000074e800000| Complete 
| 233|0x000000074e900000, 0x000000074ea00000, 0x000000074ea00000|100%| E|CS|TAMS 0x000000074e900000, 0x000000074e900000| Complete 
| 234|0x000000074ea00000, 0x000000074eb00000, 0x000000074eb00000|100%| E|CS|TAMS 0x000000074ea00000, 0x000000074ea00000| Complete 
| 235|0x000000074eb00000, 0x000000074ec00000, 0x000000074ec00000|100%| E|CS|TAMS 0x000000074eb00000, 0x000000074eb00000| Complete 
| 236|0x000000074ec00000, 0x000000074ed00000, 0x000000074ed00000|100%| E|CS|TAMS 0x000000074ec00000, 0x000000074ec00000| Complete 
| 237|0x000000074ed00000, 0x000000074ee00000, 0x000000074ee00000|100%| E|CS|TAMS 0x000000074ed00000, 0x000000074ed00000| Complete 
| 238|0x000000074ee00000, 0x000000074ef00000, 0x000000074ef00000|100%| E|CS|TAMS 0x000000074ee00000, 0x000000074ee00000| Complete 
| 239|0x000000074ef00000, 0x000000074f000000, 0x000000074f000000|100%| E|CS|TAMS 0x000000074ef00000, 0x000000074ef00000| Complete 
| 240|0x000000074f000000, 0x000000074f100000, 0x000000074f100000|100%| E|CS|TAMS 0x000000074f000000, 0x000000074f000000| Complete 
| 241|0x000000074f100000, 0x000000074f200000, 0x000000074f200000|100%| E|CS|TAMS 0x000000074f100000, 0x000000074f100000| Complete 
| 242|0x000000074f200000, 0x000000074f300000, 0x000000074f300000|100%| E|CS|TAMS 0x000000074f200000, 0x000000074f200000| Complete 
| 243|0x000000074f300000, 0x000000074f400000, 0x000000074f400000|100%| E|CS|TAMS 0x000000074f300000, 0x000000074f300000| Complete 
| 244|0x000000074f400000, 0x000000074f500000, 0x000000074f500000|100%| E|CS|TAMS 0x000000074f400000, 0x000000074f400000| Complete 
| 245|0x000000074f500000, 0x000000074f600000, 0x000000074f600000|100%| E|CS|TAMS 0x000000074f500000, 0x000000074f500000| Complete 
| 246|0x000000074f600000, 0x000000074f700000, 0x000000074f700000|100%| E|CS|TAMS 0x000000074f600000, 0x000000074f600000| Complete 
| 247|0x000000074f700000, 0x000000074f800000, 0x000000074f800000|100%| E|CS|TAMS 0x000000074f700000, 0x000000074f700000| Complete 
| 248|0x000000074f800000, 0x000000074f900000, 0x000000074f900000|100%| E|CS|TAMS 0x000000074f800000, 0x000000074f800000| Complete 
| 249|0x000000074f900000, 0x000000074fa00000, 0x000000074fa00000|100%| E|CS|TAMS 0x000000074f900000, 0x000000074f900000| Complete 
| 250|0x000000074fa00000, 0x000000074fb00000, 0x000000074fb00000|100%| E|CS|TAMS 0x000000074fa00000, 0x000000074fa00000| Complete 
| 251|0x000000074fb00000, 0x000000074fc00000, 0x000000074fc00000|100%| E|CS|TAMS 0x000000074fb00000, 0x000000074fb00000| Complete 
| 252|0x000000074fc00000, 0x000000074fd00000, 0x000000074fd00000|100%| E|CS|TAMS 0x000000074fc00000, 0x000000074fc00000| Complete 
| 253|0x000000074fd00000, 0x000000074fe00000, 0x000000074fe00000|100%| E|CS|TAMS 0x000000074fd00000, 0x000000074fd00000| Complete 
| 254|0x000000074fe00000, 0x000000074ff00000, 0x000000074ff00000|100%| E|CS|TAMS 0x000000074fe00000, 0x000000074fe00000| Complete 
| 255|0x000000074ff00000, 0x0000000750000000, 0x0000000750000000|100%| E|CS|TAMS 0x000000074ff00000, 0x000000074ff00000| Complete 

Card table byte_map: [0x000001a9686f0000,0x000001a968cf0000] _byte_map_base: 0x000001a964cf0000

Marking Bits (Prev, Next): (CMBitMap*) 0x000001a96a4a97b0, (CMBitMap*) 0x000001a96a4a9778
 Prev Bits: [0x000001a976750000, 0x000001a979750000)
 Next Bits: [0x000001a973750000, 0x000001a976750000)

Polling page: 0x000001a961220000

Metaspace:

Usage:
  Non-class:     66.88 MB capacity,    66.47 MB (>99%) used,   296.78 KB ( <1%) free+waste,   114.13 KB ( <1%) overhead. 
      Class:      9.51 MB capacity,     9.23 MB ( 97%) used,   234.73 KB (  2%) free+waste,    47.06 KB ( <1%) overhead. 
       Both:     76.38 MB capacity,    75.71 MB (>99%) used,   531.51 KB ( <1%) free+waste,   161.19 KB ( <1%) overhead. 

Virtual space:
  Non-class space:       70.00 MB reserved,      68.67 MB ( 98%) committed 
      Class space:        1.00 GB reserved,      10.45 MB (  1%) committed 
             Both:        1.07 GB reserved,      79.12 MB (  7%) committed 

Chunk freelists:
   Non-Class:  1.67 MB
       Class:  888.00 KB
        Both:  2.54 MB

MaxMetaspaceSize: 17179869184.00 GB
CompressedClassSpaceSize: 1.00 GB

CodeHeap 'non-profiled nmethods': size=120000Kb used=16581Kb max_used=16581Kb free=103418Kb
 bounds [0x000001a907ad0000, 0x000001a908b10000, 0x000001a90f000000]
CodeHeap 'profiled nmethods': size=120000Kb used=39076Kb max_used=39076Kb free=80923Kb
 bounds [0x000001a9005a0000, 0x000001a902c00000, 0x000001a907ad0000]
CodeHeap 'non-nmethods': size=5760Kb used=1544Kb max_used=1600Kb free=4216Kb
 bounds [0x000001a900000000, 0x000001a900270000, 0x000001a9005a0000]
 total_blobs=15756 nmethods=14698 adapters=966
 compilation: enabled
              stopped_count=0, restarted_count=0
 full_count=0

Compilation events (20 events):
Event: 133241.129 Thread 0x000001a96b099800 17146       3       java.util.Locale::getCountry (8 bytes)
Event: 133241.134 Thread 0x000001a96b099800 nmethod 17146 0x000001a901cda510 code [0x000001a901cda6c0, 0x000001a901cda7f8]
Event: 145251.623 Thread 0x000001a96b097000 17148       4       ui.frmwork.c.e::size (8 bytes)
Event: 145251.623 Thread 0x000001a96b097000 nmethod 17148 0x000001a908b00810 code [0x000001a908b009a0, 0x000001a908b00a28]
Event: 145252.624 Thread 0x000001a96b099800 17149  s!   3       ui.frmwork.c.f::hby (254 bytes)
Event: 145252.625 Thread 0x000001a96b099800 nmethod 17149 0x000001a902bf1410 code [0x000001a902bf17c0, 0x000001a902bf33a8]
Event: 147643.121 Thread 0x000001a96b099800 17150       3       java.text.DateFormatSymbols::getProviderInstance (37 bytes)
Event: 147643.121 Thread 0x000001a96b099800 nmethod 17150 0x000001a9020bb390 code [0x000001a9020bb5a0, 0x000001a9020bbab8]
Event: 147750.810 Thread 0x000001a96b097000 17151  s!   4       ui.frmwork.c.f::hby (254 bytes)
Event: 147751.276 Thread 0x000001a96b097000 nmethod 17151 0x000001a908b00b10 code [0x000001a908b00d60, 0x000001a908b01cb0]
Event: 154844.247 Thread 0x000001a96b099800 17152       3       java.io.OutputStreamWriter::flush (8 bytes)
Event: 154844.248 Thread 0x000001a96b099800 nmethod 17152 0x000001a902190710 code [0x000001a902190940, 0x000001a902191048]
Event: 156644.410 Thread 0x000001a96b099800 17153       3       java.text.DateFormatSymbols::copyMembers (160 bytes)
Event: 156644.411 Thread 0x000001a96b099800 nmethod 17153 0x000001a902bf3b90 code [0x000001a902bf3e60, 0x000001a902bf4f08]
Event: 156644.411 Thread 0x000001a96b099800 17154       3       java.text.DateFormatSymbols::initializeData (317 bytes)
Event: 156644.412 Thread 0x000001a96b099800 nmethod 17154 0x000001a902bf5310 code [0x000001a902bf5880, 0x000001a902bf89d8]
Event: 161314.057 Thread 0x000001a96b097000 17155       4       ui.views.m.i::timerActionPerformed (94 bytes)
Event: 161314.061 Thread 0x000001a96b097000 nmethod 17155 0x000001a908b02a10 code [0x000001a908b02c00, 0x000001a908b02ff0]
Event: 161314.148 Thread 0x000001a96b097000 17156       4       ui.views.m.H::timerActionPerformed (94 bytes)
Event: 161317.128 Thread 0x000001a96b097000 nmethod 17156 0x000001a908b03590 code [0x000001a908b03760, 0x000001a908b039e8]

GC Heap History (20 events):
Event: 164888.425 GC heap before
{Heap before GC invocations=765 (full 92):
 garbage-first heap   total 262144K, used 115784K [0x0000000740000000, 0x0000000800000000)
  region size 1024K, 60 young (61440K), 1 survivors (1024K)
 Metaspace       used 77523K, capacity 78216K, committed 81016K, reserved 1120256K
  class space    used 9454K, capacity 9736K, committed 10700K, reserved 1048576K
}
Event: 164888.426 GC heap after
{Heap after GC invocations=766 (full 92):
 garbage-first heap   total 262144K, used 55436K [0x0000000740000000, 0x0000000800000000)
  region size 1024K, 1 young (1024K), 1 survivors (1024K)
 Metaspace       used 77523K, capacity 78216K, committed 81016K, reserved 1120256K
  class space    used 9454K, capacity 9736K, committed 10700K, reserved 1048576K
}
Event: 165234.765 GC heap before
{Heap before GC invocations=766 (full 92):
 garbage-first heap   total 262144K, used 115852K [0x0000000740000000, 0x0000000800000000)
  region size 1024K, 60 young (61440K), 1 survivors (1024K)
 Metaspace       used 77523K, capacity 78216K, committed 81016K, reserved 1120256K
  class space    used 9454K, capacity 9736K, committed 10700K, reserved 1048576K
}
Event: 165234.767 GC heap after
{Heap after GC invocations=767 (full 92):
 garbage-first heap   total 262144K, used 55462K [0x0000000740000000, 0x0000000800000000)
  region size 1024K, 1 young (1024K), 1 survivors (1024K)
 Metaspace       used 77523K, capacity 78216K, committed 81016K, reserved 1120256K
  class space    used 9454K, capacity 9736K, committed 10700K, reserved 1048576K
}
Event: 165579.138 GC heap before
{Heap before GC invocations=767 (full 92):
 garbage-first heap   total 262144K, used 115878K [0x0000000740000000, 0x0000000800000000)
  region size 1024K, 60 young (61440K), 1 survivors (1024K)
 Metaspace       used 77523K, capacity 78216K, committed 81016K, reserved 1120256K
  class space    used 9454K, capacity 9736K, committed 10700K, reserved 1048576K
}
Event: 165579.140 GC heap after
{Heap after GC invocations=768 (full 92):
 garbage-first heap   total 262144K, used 55458K [0x0000000740000000, 0x0000000800000000)
  region size 1024K, 1 young (1024K), 1 survivors (1024K)
 Metaspace       used 77523K, capacity 78216K, committed 81016K, reserved 1120256K
  class space    used 9454K, capacity 9736K, committed 10700K, reserved 1048576K
}
Event: 165645.728 GC heap before
{Heap before GC invocations=768 (full 92):
 garbage-first heap   total 262144K, used 66722K [0x0000000740000000, 0x0000000800000000)
  region size 1024K, 13 young (13312K), 1 survivors (1024K)
 Metaspace       used 77523K, capacity 78216K, committed 81016K, reserved 1120256K
  class space    used 9454K, capacity 9736K, committed 10700K, reserved 1048576K
}
Event: 165645.763 GC heap after
{Heap after GC invocations=769 (full 93):
 garbage-first heap   total 262144K, used 54453K [0x0000000740000000, 0x0000000800000000)
  region size 1024K, 0 young (0K), 0 survivors (0K)
 Metaspace       used 77523K, capacity 78216K, committed 81016K, reserved 1120256K
  class space    used 9454K, capacity 9736K, committed 10700K, reserved 1048576K
}
Event: 165995.159 GC heap before
{Heap before GC invocations=769 (full 93):
 garbage-first heap   total 262144K, used 115893K [0x0000000740000000, 0x0000000800000000)
  region size 1024K, 60 young (61440K), 0 survivors (0K)
 Metaspace       used 77523K, capacity 78216K, committed 81016K, reserved 1120256K
  class space    used 9454K, capacity 9736K, committed 10700K, reserved 1048576K
}
Event: 165995.161 GC heap after
{Heap after GC invocations=770 (full 93):
 garbage-first heap   total 262144K, used 55292K [0x0000000740000000, 0x0000000800000000)
  region size 1024K, 1 young (1024K), 1 survivors (1024K)
 Metaspace       used 77523K, capacity 78216K, committed 81016K, reserved 1120256K
  class space    used 9454K, capacity 9736K, committed 10700K, reserved 1048576K
}
Event: 166341.366 GC heap before
{Heap before GC invocations=770 (full 93):
 garbage-first heap   total 262144K, used 115708K [0x0000000740000000, 0x0000000800000000)
  region size 1024K, 60 young (61440K), 1 survivors (1024K)
 Metaspace       used 77523K, capacity 78216K, committed 81016K, reserved 1120256K
  class space    used 9454K, capacity 9736K, committed 10700K, reserved 1048576K
}
Event: 166341.368 GC heap after
{Heap after GC invocations=771 (full 93):
 garbage-first heap   total 262144K, used 55385K [0x0000000740000000, 0x0000000800000000)
  region size 1024K, 1 young (1024K), 1 survivors (1024K)
 Metaspace       used 77523K, capacity 78216K, committed 81016K, reserved 1120256K
  class space    used 9454K, capacity 9736K, committed 10700K, reserved 1048576K
}
Event: 166690.654 GC heap before
{Heap before GC invocations=771 (full 93):
 garbage-first heap   total 262144K, used 115801K [0x0000000740000000, 0x0000000800000000)
  region size 1024K, 60 young (61440K), 1 survivors (1024K)
 Metaspace       used 77523K, capacity 78216K, committed 81016K, reserved 1120256K
  class space    used 9454K, capacity 9736K, committed 10700K, reserved 1048576K
}
Event: 166690.656 GC heap after
{Heap after GC invocations=772 (full 93):
 garbage-first heap   total 262144K, used 55472K [0x0000000740000000, 0x0000000800000000)
  region size 1024K, 1 young (1024K), 1 survivors (1024K)
 Metaspace       used 77523K, capacity 78216K, committed 81016K, reserved 1120256K
  class space    used 9454K, capacity 9736K, committed 10700K, reserved 1048576K
}
Event: 167037.914 GC heap before
{Heap before GC invocations=772 (full 93):
 garbage-first heap   total 262144K, used 115888K [0x0000000740000000, 0x0000000800000000)
  region size 1024K, 60 young (61440K), 1 survivors (1024K)
 Metaspace       used 77523K, capacity 78216K, committed 81016K, reserved 1120256K
  class space    used 9454K, capacity 9736K, committed 10700K, reserved 1048576K
}
Event: 167037.916 GC heap after
{Heap after GC invocations=773 (full 93):
 garbage-first heap   total 262144K, used 55477K [0x0000000740000000, 0x0000000800000000)
  region size 1024K, 1 young (1024K), 1 survivors (1024K)
 Metaspace       used 77523K, capacity 78216K, committed 81016K, reserved 1120256K
  class space    used 9454K, capacity 9736K, committed 10700K, reserved 1048576K
}
Event: 167386.192 GC heap before
{Heap before GC invocations=773 (full 93):
 garbage-first heap   total 262144K, used 115893K [0x0000000740000000, 0x0000000800000000)
  region size 1024K, 60 young (61440K), 1 survivors (1024K)
 Metaspace       used 77523K, capacity 78216K, committed 81016K, reserved 1120256K
  class space    used 9454K, capacity 9736K, committed 10700K, reserved 1048576K
}
Event: 167386.194 GC heap after
{Heap after GC invocations=774 (full 93):
 garbage-first heap   total 262144K, used 55475K [0x0000000740000000, 0x0000000800000000)
  region size 1024K, 1 young (1024K), 1 survivors (1024K)
 Metaspace       used 77523K, capacity 78216K, committed 81016K, reserved 1120256K
  class space    used 9454K, capacity 9736K, committed 10700K, reserved 1048576K
}
Event: 167445.993 GC heap before
{Heap before GC invocations=774 (full 93):
 garbage-first heap   total 262144K, used 65715K [0x0000000740000000, 0x0000000800000000)
  region size 1024K, 12 young (12288K), 1 survivors (1024K)
 Metaspace       used 77523K, capacity 78216K, committed 81016K, reserved 1120256K
  class space    used 9454K, capacity 9736K, committed 10700K, reserved 1048576K
}
Event: 167446.028 GC heap after
{Heap after GC invocations=775 (full 94):
 garbage-first heap   total 262144K, used 54440K [0x0000000740000000, 0x0000000800000000)
  region size 1024K, 0 young (0K), 0 survivors (0K)
 Metaspace       used 77523K, capacity 78216K, committed 81016K, reserved 1120256K
  class space    used 9454K, capacity 9736K, committed 10700K, reserved 1048576K
}

Deoptimization events (20 events):
Event: 33150.184 Thread 0x000001a97e0a8000 Uncommon trap: trap_request=0xffffff4d fr.pc=0x000001a90888255c relative=0x000000000000011c
Event: 33150.184 Thread 0x000001a97e0a8000 Uncommon trap: reason=unstable_if action=reinterpret pc=0x000001a90888255c method=java.util.concurrent.locks.AbstractQueuedSynchronizer.unparkSuccessor(Ljava/util/concurrent/locks/AbstractQueuedSynchronizer$Node;)V @ 6 c2
Event: 33150.184 Thread 0x000001a97e0a8000 DEOPT PACKING pc=0x000001a90888255c sp=0x0000000c9c9febb0
Event: 33150.184 Thread 0x000001a97e0a8000 DEOPT UNPACKING pc=0x000001a9000268af sp=0x0000000c9c9feb28 mode 2
Event: 54838.684 Thread 0x000001a97ebf8000 DEOPT PACKING pc=0x000001a9020a3ad5 sp=0x0000000c9d7ff070
Event: 54838.684 Thread 0x000001a97ebf8000 DEOPT UNPACKING pc=0x000001a90002705e sp=0x0000000c9d7fe560 mode 0
Event: 54852.549 Thread 0x000001a97ebf9800 DEOPT PACKING pc=0x000001a901dd32e6 sp=0x0000000c9eeff5b0
Event: 54852.549 Thread 0x000001a97ebf9800 DEOPT UNPACKING pc=0x000001a90002705e sp=0x0000000c9eefea58 mode 0
Event: 68745.867 Thread 0x000001a916eba800 Uncommon trap: trap_request=0xffffff4d fr.pc=0x000001a908920010 relative=0x00000000000004d0
Event: 68745.867 Thread 0x000001a916eba800 Uncommon trap: reason=unstable_if action=reinterpret pc=0x000001a908920010 method=java.util.concurrent.locks.AbstractQueuedSynchronizer.addWaiter(Ljava/util/concurrent/locks/AbstractQueuedSynchronizer$Node;)Ljava/util/concurrent/locks/AbstractQueuedSynchr
Event: 68745.867 Thread 0x000001a916eba800 DEOPT PACKING pc=0x000001a908920010 sp=0x0000000c9bfff160
Event: 68745.867 Thread 0x000001a916eba800 DEOPT UNPACKING pc=0x000001a9000268af sp=0x0000000c9bfff110 mode 2
Event: 102332.628 Thread 0x000001a97e0a8000 Uncommon trap: trap_request=0xffffffde fr.pc=0x000001a9083be918 relative=0x0000000000000178
Event: 102332.628 Thread 0x000001a97e0a8000 Uncommon trap: reason=class_check action=maybe_recompile pc=0x000001a9083be918 method=java.util.Collections$SynchronizedCollection.size()I @ 11 c2
Event: 102332.628 Thread 0x000001a97e0a8000 DEOPT PACKING pc=0x000001a9083be918 sp=0x0000000c9c9fcc10
Event: 102332.628 Thread 0x000001a97e0a8000 DEOPT UNPACKING pc=0x000001a9000268af sp=0x0000000c9c9fcbb8 mode 2
Event: 145188.559 Thread 0x000001a97ebf8000 Uncommon trap: trap_request=0xffffff4d fr.pc=0x000001a908878938 relative=0x0000000000000858
Event: 145188.559 Thread 0x000001a97ebf8000 Uncommon trap: reason=unstable_if action=reinterpret pc=0x000001a908878938 method=ui.frmwork.c.l.b(Lui/frmwork/c/c;ZZLjava/lang/String;)Lui/frmwork/c/e; @ 17 c2
Event: 145188.559 Thread 0x000001a97ebf8000 DEOPT PACKING pc=0x000001a908878938 sp=0x0000000c9d7feff0
Event: 145188.559 Thread 0x000001a97ebf8000 DEOPT UNPACKING pc=0x000001a9000268af sp=0x0000000c9d7fef18 mode 2

Classes redefined (0 events):
No events

Internal exceptions (20 events):
Event: 167603.742 Thread 0x000001a97e0a8000 Exception <a 'java/io/FileNotFoundException'{0x000000074e5b5d90}> (0x000000074e5b5d90) thrown at [./src/hotspot/share/prims/jni.cpp, line 615]
Event: 167603.742 Thread 0x000001a97e0a8000 Exception <a 'java/io/FileNotFoundException'{0x000000074e5b6478}> (0x000000074e5b6478) thrown at [./src/hotspot/share/prims/jni.cpp, line 615]
Event: 167608.742 Thread 0x000001a97e0a8000 Exception <a 'java/io/FileNotFoundException'{0x000000074e308760}> (0x000000074e308760) thrown at [./src/hotspot/share/prims/jni.cpp, line 615]
Event: 167608.742 Thread 0x000001a97e0a8000 Exception <a 'java/io/FileNotFoundException'{0x000000074e308e48}> (0x000000074e308e48) thrown at [./src/hotspot/share/prims/jni.cpp, line 615]
Event: 167613.743 Thread 0x000001a97e0a8000 Exception <a 'java/io/FileNotFoundException'{0x000000074e31a840}> (0x000000074e31a840) thrown at [./src/hotspot/share/prims/jni.cpp, line 615]
Event: 167613.743 Thread 0x000001a97e0a8000 Exception <a 'java/io/FileNotFoundException'{0x000000074e31af28}> (0x000000074e31af28) thrown at [./src/hotspot/share/prims/jni.cpp, line 615]
Event: 167618.743 Thread 0x000001a97e0a8000 Exception <a 'java/io/FileNotFoundException'{0x000000074e275a40}> (0x000000074e275a40) thrown at [./src/hotspot/share/prims/jni.cpp, line 615]
Event: 167618.743 Thread 0x000001a97e0a8000 Exception <a 'java/io/FileNotFoundException'{0x000000074e276128}> (0x000000074e276128) thrown at [./src/hotspot/share/prims/jni.cpp, line 615]
Event: 167623.743 Thread 0x000001a97e0a8000 Exception <a 'java/io/FileNotFoundException'{0x000000074e172968}> (0x000000074e172968) thrown at [./src/hotspot/share/prims/jni.cpp, line 615]
Event: 167623.743 Thread 0x000001a97e0a8000 Exception <a 'java/io/FileNotFoundException'{0x000000074e173050}> (0x000000074e173050) thrown at [./src/hotspot/share/prims/jni.cpp, line 615]
Event: 167628.744 Thread 0x000001a97e0a8000 Exception <a 'java/io/FileNotFoundException'{0x000000074e0e5710}> (0x000000074e0e5710) thrown at [./src/hotspot/share/prims/jni.cpp, line 615]
Event: 167628.744 Thread 0x000001a97e0a8000 Exception <a 'java/io/FileNotFoundException'{0x000000074e0e5df8}> (0x000000074e0e5df8) thrown at [./src/hotspot/share/prims/jni.cpp, line 615]
Event: 167633.745 Thread 0x000001a97e0a8000 Exception <a 'java/io/FileNotFoundException'{0x000000074e0fae00}> (0x000000074e0fae00) thrown at [./src/hotspot/share/prims/jni.cpp, line 615]
Event: 167633.745 Thread 0x000001a97e0a8000 Exception <a 'java/io/FileNotFoundException'{0x000000074e0fb4e8}> (0x000000074e0fb4e8) thrown at [./src/hotspot/share/prims/jni.cpp, line 615]
Event: 167638.745 Thread 0x000001a97e0a8000 Exception <a 'java/io/FileNotFoundException'{0x000000074de2fda0}> (0x000000074de2fda0) thrown at [./src/hotspot/share/prims/jni.cpp, line 615]
Event: 167638.745 Thread 0x000001a97e0a8000 Exception <a 'java/io/FileNotFoundException'{0x000000074de30488}> (0x000000074de30488) thrown at [./src/hotspot/share/prims/jni.cpp, line 615]
Event: 167643.747 Thread 0x000001a97e0a8000 Exception <a 'java/io/FileNotFoundException'{0x000000074dd496f0}> (0x000000074dd496f0) thrown at [./src/hotspot/share/prims/jni.cpp, line 615]
Event: 167643.747 Thread 0x000001a97e0a8000 Exception <a 'java/io/FileNotFoundException'{0x000000074dd49dd8}> (0x000000074dd49dd8) thrown at [./src/hotspot/share/prims/jni.cpp, line 615]
Event: 167648.747 Thread 0x000001a97e0a8000 Exception <a 'java/io/FileNotFoundException'{0x000000074dd5f498}> (0x000000074dd5f498) thrown at [./src/hotspot/share/prims/jni.cpp, line 615]
Event: 167648.747 Thread 0x000001a97e0a8000 Exception <a 'java/io/FileNotFoundException'{0x000000074dd5fb80}> (0x000000074dd5fb80) thrown at [./src/hotspot/share/prims/jni.cpp, line 615]

Events (20 events):
Event: 167646.386 Thread 0x000001a916eb7800 Thread added: 0x000001a916eb7800
Event: 167646.389 Executing VM operation: BulkRevokeBias
Event: 167646.389 Executing VM operation: BulkRevokeBias done
Event: 167646.389 Thread 0x000001a916eb7800 Thread exited: 0x000001a916eb7800
Event: 167646.394 Thread 0x000001a916eb7800 Thread added: 0x000001a916eb7800
Event: 167646.396 Thread 0x000001a916eb7800 Thread exited: 0x000001a916eb7800
Event: 167647.394 Thread 0x000001a916eb9000 Thread added: 0x000001a916eb9000
Event: 167647.397 Thread 0x000001a916eb9000 Thread exited: 0x000001a916eb9000
Event: 167648.395 Thread 0x000001a916eb7800 Thread added: 0x000001a916eb7800
Event: 167648.398 Thread 0x000001a916eb7800 Thread exited: 0x000001a916eb7800
Event: 167649.395 Thread 0x000001a916eb9000 Thread added: 0x000001a916eb9000
Event: 167649.398 Thread 0x000001a916eb9000 Thread exited: 0x000001a916eb9000
Event: 167650.396 Thread 0x000001a916eb9000 Thread added: 0x000001a916eb9000
Event: 167650.399 Thread 0x000001a916eb9000 Thread exited: 0x000001a916eb9000
Event: 167651.396 Thread 0x000001a916eb7800 Thread added: 0x000001a916eb7800
Event: 167651.399 Thread 0x000001a916eb7800 Thread exited: 0x000001a916eb7800
Event: 167652.396 Thread 0x000001a916eb9000 Thread added: 0x000001a916eb9000
Event: 167652.399 Thread 0x000001a916eb9000 Thread exited: 0x000001a916eb9000
Event: 167653.397 Thread 0x000001a916eb7800 Thread added: 0x000001a916eb7800
Event: 167653.401 Thread 0x000001a916eb7800 Thread exited: 0x000001a916eb7800


Dynamic libraries:
0x00007ff7669d0000 - 0x00007ff766a01000 	E:\Vivado\2022.1\bin\unwrapped\win64.o\vivado.exe
0x00007ffa58250000 - 0x00007ffa58448000 	C:\WINDOWS\SYSTEM32\ntdll.dll
0x00007ffa57060000 - 0x00007ffa5711d000 	C:\WINDOWS\System32\KERNEL32.DLL
0x00007ffa55cf0000 - 0x00007ffa55fbe000 	C:\WINDOWS\System32\KERNELBASE.dll
0x00007ffa55970000 - 0x00007ffa55a70000 	C:\WINDOWS\System32\ucrtbase.dll
0x00007ffa48510000 - 0x00007ffa4859e000 	C:\WINDOWS\SYSTEM32\MSVCP140.dll
0x00007ffa48f00000 - 0x00007ffa48f1b000 	C:\WINDOWS\SYSTEM32\VCRUNTIME140.dll
0x00007ffa35e20000 - 0x00007ffa35e38000 	E:\Vivado\2022.1\lib\win64.o\librdi_commonmain.dll
0x00007ffa48e40000 - 0x00007ffa48e4c000 	C:\WINDOWS\SYSTEM32\VCRUNTIME140_1.dll
0x00007ffa35ac0000 - 0x00007ffa35ae1000 	E:\Vivado\2022.1\lib\win64.o\libboost_filesystem.dll
0x00007ffa57740000 - 0x00007ffa577ee000 	C:\WINDOWS\System32\ADVAPI32.dll
0x00007ffa57150000 - 0x00007ffa571ee000 	C:\WINDOWS\System32\msvcrt.dll
0x00007ffa58110000 - 0x00007ffa581ac000 	C:\WINDOWS\System32\sechost.dll
0x00007ffa567e0000 - 0x00007ffa56905000 	C:\WINDOWS\System32\RPCRT4.dll
0x00007ff9e57c0000 - 0x00007ff9e6b4c000 	E:\Vivado\2022.1\lib\win64.o\librdi_common.dll
0x00007ffa57ea0000 - 0x00007ffa58040000 	C:\WINDOWS\System32\USER32.dll
0x00007ffa55cc0000 - 0x00007ffa55ce2000 	C:\WINDOWS\System32\win32u.dll
0x00007ffa51670000 - 0x00007ffa51679000 	E:\Vivado\2022.1\lib\win64.o\librdi_commonversion.dll
0x00007ffa57c60000 - 0x00007ffa57c8a000 	C:\WINDOWS\System32\GDI32.dll
0x00007ffa55fc0000 - 0x00007ffa560cb000 	C:\WINDOWS\System32\gdi32full.dll
0x00007ffa55c20000 - 0x00007ffa55cbd000 	C:\WINDOWS\System32\msvcp_win.dll
0x00007ffa17200000 - 0x00007ffa173b5000 	E:\Vivado\2022.1\lib\win64.o\librdi_commonxillic.dll
0x00007ffa56910000 - 0x00007ffa57054000 	C:\WINDOWS\System32\SHELL32.dll
0x00007ffa58040000 - 0x00007ffa580ab000 	C:\WINDOWS\System32\WS2_32.dll
0x00007ffa560d0000 - 0x00007ffa560f7000 	C:\WINDOWS\System32\bcrypt.dll
0x00000000609b0000 - 0x0000000060adb000 	E:\Vivado\2022.1\lib\win64.o\tcl85t.dll
0x00007ffa16a50000 - 0x00007ffa16dbe000 	E:\Vivado\2022.1\lib\win64.o\libCOIN-all.dll
0x00007ffa2fed0000 - 0x00007ffa2fee1000 	E:\Vivado\2022.1\lib\win64.o\libboost_date_time.dll
0x00007ffa2b780000 - 0x00007ffa2b7f9000 	E:\Vivado\2022.1\lib\win64.o\libboost_program_options.dll
0x00007ffa170e0000 - 0x00007ffa171f4000 	E:\Vivado\2022.1\lib\win64.o\libboost_regex.dll
0x00007ffa2feb0000 - 0x00007ffa2fecc000 	E:\Vivado\2022.1\lib\win64.o\libboost_thread.dll
0x00007ffa51650000 - 0x00007ffa5165c000 	E:\Vivado\2022.1\lib\win64.o\libboost_xilinx.dll
0x00007ffa17c60000 - 0x00007ffa17ce2000 	E:\Vivado\2022.1\lib\win64.o\libhdlpsolve.dll
0x00007ffa169a0000 - 0x00007ffa16a45000 	E:\Vivado\2022.1\lib\win64.o\libhdxml.dll
0x00007ff9cbe10000 - 0x00007ff9ccc55000 	E:\Vivado\2022.1\lib\win64.o\libisl_iostreams.dll
0x00007ffa2f630000 - 0x00007ffa2f65a000 	E:\Vivado\2022.1\lib\win64.o\libisl_sysinfo.dll
0x00007ffa16930000 - 0x00007ffa16995000 	E:\Vivado\2022.1\lib\win64.o\liblmx6.0.dll
0x00007ffa2fa70000 - 0x00007ffa2fa8a000 	E:\Vivado\2022.1\lib\win64.o\pthreadVC2.dll
0x00007ffa2e960000 - 0x00007ffa2e97c000 	E:\Vivado\2022.1\lib\win64.o\librdiconfig.dll
0x00007ffa57e40000 - 0x00007ffa57e95000 	C:\WINDOWS\System32\SHLWAPI.dll
0x00007ffa2d1b0000 - 0x00007ffa2d1d1000 	E:\Vivado\2022.1\lib\win64.o\librdizlib.dll
0x00007ff9e54f0000 - 0x00007ff9e57b1000 	E:\Vivado\2022.1\lib\win64.o\xerces-c_3_2.dll
0x00007ffa49c40000 - 0x00007ffa49c5a000 	C:\WINDOWS\SYSTEM32\NETAPI32.dll
0x00007ffa40e70000 - 0x00007ffa41346000 	C:\WINDOWS\SYSTEM32\WININET.dll
0x00007ffa50a90000 - 0x00007ffa50b9a000 	C:\WINDOWS\SYSTEM32\WINHTTP.dll
0x00007ffa47320000 - 0x00007ffa4750c000 	C:\WINDOWS\SYSTEM32\urlmon.dll
0x00007ffa16dc0000 - 0x00007ffa170d6000 	E:\Vivado\2022.1\lib\win64.o\libXil_lmgr11.dll
0x00007ffa57660000 - 0x00007ffa5773a000 	C:\WINDOWS\System32\COMDLG32.dll
0x00007ffa563d0000 - 0x00007ffa56724000 	C:\WINDOWS\System32\combase.dll
0x00007ffa57a20000 - 0x00007ffa57acd000 	C:\WINDOWS\System32\shcore.dll
0x00007ffa57cd0000 - 0x00007ffa57d9d000 	C:\WINDOWS\System32\OLEAUT32.dll
0x00007ffa57b30000 - 0x00007ffa57c5a000 	C:\WINDOWS\System32\ole32.dll
0x00007ffa55b00000 - 0x00007ffa55b67000 	C:\WINDOWS\System32\WINTRUST.dll
0x00007ffa56100000 - 0x00007ffa56256000 	C:\WINDOWS\System32\CRYPT32.dll
0x00007ffa4dfa0000 - 0x00007ffa4dfa9000 	C:\WINDOWS\SYSTEM32\WSOCK32.dll
0x00007ff9c9ef0000 - 0x00007ff9cbe07000 	E:\Vivado\2022.1\lib\win64.o\gurobi90.dll
0x00007ffa57ad0000 - 0x00007ffa57b26000 	C:\WINDOWS\System32\WLDAP32.dll
0x00007ffa2b740000 - 0x00007ffa2b771000 	C:\WINDOWS\SYSTEM32\VCOMP140.DLL
0x00007ffa57e30000 - 0x00007ffa57e38000 	C:\WINDOWS\System32\Normaliz.dll
0x00007ffa2b400000 - 0x00007ffa2b418000 	E:\Vivado\2022.1\lib\win64.o\libboost_iostreams.dll
0x00007ffa21230000 - 0x00007ffa21254000 	E:\Vivado\2022.1\lib\win64.o\libisl_iosutils.dll
0x00007ffa4b6f0000 - 0x00007ffa4b9a1000 	C:\WINDOWS\SYSTEM32\iertutil.dll
0x00007ffa4fdf0000 - 0x00007ffa4fe18000 	C:\WINDOWS\SYSTEM32\srvcli.dll
0x00007ffa54ee0000 - 0x00007ffa54eec000 	C:\WINDOWS\SYSTEM32\netutils.dll
0x00007ffa3e1a0000 - 0x00007ffa3e250000 	C:\WINDOWS\WinSxS\amd64_microsoft.windows.common-controls_6595b64144ccf1df_5.82.19041.1110_none_792d1c772443f647\COMCTL32.dll
0x00007ffa50460000 - 0x00007ffa5047d000 	C:\WINDOWS\SYSTEM32\dhcpcsvc.DLL
0x00007ffa55870000 - 0x00007ffa5589e000 	C:\WINDOWS\SYSTEM32\USERENV.dll
0x00007ffa55130000 - 0x00007ffa5519a000 	C:\WINDOWS\SYSTEM32\MSWSOCK.DLL
0x00007ffa57120000 - 0x00007ffa57150000 	C:\WINDOWS\System32\IMM32.DLL
0x00007ffa55560000 - 0x00007ffa55572000 	C:\WINDOWS\SYSTEM32\MSASN1.dll
0x00007ffa53890000 - 0x00007ffa538a2000 	C:\WINDOWS\SYSTEM32\kernel.appcore.dll
0x00007ff9e4fb0000 - 0x00007ff9e54e2000 	E:\Vivado\2022.1\lib\win64.o\librdi_commontasks.dll
0x00007ffa4eff0000 - 0x00007ffa4effa000 	C:\WINDOWS\SYSTEM32\VERSION.dll
0x00007ff9c8920000 - 0x00007ff9c946d000 	E:\Vivado\2022.1\tps\win64\jre11.0.11_9\bin\server\jvm.dll
0x00007ffa57c90000 - 0x00007ffa57c98000 	C:\WINDOWS\System32\PSAPI.DLL
0x00007ffa48330000 - 0x00007ffa48357000 	C:\WINDOWS\SYSTEM32\WINMM.dll
0x00007ff9c9bc0000 - 0x00007ff9c9ee5c00 	E:\Vivado\2022.1\lib\win64.o\librdi_sio.dll
0x00007ffa54dd0000 - 0x00007ffa54e0b000 	C:\WINDOWS\SYSTEM32\IPHLPAPI.DLL
0x00007ffa55830000 - 0x00007ffa55862000 	C:\WINDOWS\SYSTEM32\SspiCli.dll
0x00007ffa38a20000 - 0x00007ffa38a37000 	C:\WINDOWS\system32\napinsp.dll
0x00007ffa389d0000 - 0x00007ffa389eb000 	C:\WINDOWS\system32\pnrpnsp.dll
0x00007ffa389b0000 - 0x00007ffa389c5000 	C:\WINDOWS\system32\wshbth.dll
0x00007ffa51500000 - 0x00007ffa5151d000 	C:\WINDOWS\system32\NLAapi.dll
0x00007ffa54e10000 - 0x00007ffa54edb000 	C:\WINDOWS\SYSTEM32\DNSAPI.dll
0x00007ffa57ca0000 - 0x00007ffa57ca8000 	C:\WINDOWS\System32\NSI.dll
0x00007ffa378f0000 - 0x00007ffa37902000 	C:\WINDOWS\System32\winrnr.dll
0x00007ffa53a90000 - 0x00007ffa54224000 	C:\WINDOWS\SYSTEM32\windows.storage.dll
0x00007ffa553d0000 - 0x00007ffa55400000 	C:\WINDOWS\SYSTEM32\Wldp.dll
0x00007ff9c5cd0000 - 0x00007ff9c8917000 	E:\Vivado\2022.1\lib\win64.o\librdi_tcltasks.dll
0x00007ffa19c30000 - 0x00007ffa19c74000 	E:\Vivado\2022.1\lib\win64.o\libboost_serialization.dll
0x00007ffa087d0000 - 0x00007ffa08850000 	E:\Vivado\2022.1\lib\win64.o\librdi_boarddep.dll
0x00007ff9da6e0000 - 0x00007ff9da8a1000 	E:\Vivado\2022.1\lib\win64.o\librdi_board.dll
0x00007ff9c96f0000 - 0x00007ff9c9bbf000 	E:\Vivado\2022.1\lib\win64.o\librdi_bitstream.dll
0x00007ff9dd4a0000 - 0x00007ff9dd5c6000 	E:\Vivado\2022.1\lib\win64.o\librdi_chipscope.dll
0x00007ff9c5b60000 - 0x00007ff9c5cc5000 	E:\Vivado\2022.1\lib\win64.o\librdi_containers.dll
0x00007ff9c5960000 - 0x00007ff9c5b56000 	E:\Vivado\2022.1\lib\win64.o\librdi_chipscopeimpl.dll
0x00007ff9c3970000 - 0x00007ff9c595a000 	E:\Vivado\2022.1\lib\win64.o\librdi_designutils.dll
0x00007ff9c18d0000 - 0x00007ff9c396d000 	E:\Vivado\2022.1\lib\win64.o\librdi_constraints.dll
0x00007ff9bf330000 - 0x00007ff9c18cf000 	E:\Vivado\2022.1\lib\win64.o\librdi_coregen.dll
0x00007ff9befb0000 - 0x00007ff9bf32c000 	E:\Vivado\2022.1\lib\win64.o\librdi_dlyest.dll
0x00007ff99ea70000 - 0x00007ff9befa3000 	E:\Vivado\2022.1\lib\win64.o\librdi_device.dll
0x00007ff9da620000 - 0x00007ff9da6d4000 	E:\Vivado\2022.1\lib\win64.o\librdi_dsp.dll
0x00007ff99e340000 - 0x00007ff99ea65000 	E:\Vivado\2022.1\lib\win64.o\librdi_coregenipxact.dll
0x00007ff99dc80000 - 0x00007ff99e33b000 	E:\Vivado\2022.1\lib\win64.o\librdi_drc.dll
0x00007ffa168c0000 - 0x00007ffa16929000 	E:\Vivado\2022.1\lib\win64.o\librdi_hdf.dll
0x00007ff99d950000 - 0x00007ff99dc76000 	E:\Vivado\2022.1\lib\win64.o\librdi_guitools.dll
0x00007ff9c95a0000 - 0x00007ff9c96e8000 	E:\Vivado\2022.1\lib\win64.o\librdi_hip_perf_analysis.dll
0x00007ff99d2c0000 - 0x00007ff99d94f000 	E:\Vivado\2022.1\lib\win64.o\librdi_filemgmt.dll
0x00007ff99d000000 - 0x00007ff99d2b7000 	E:\Vivado\2022.1\lib\win64.o\librdi_hip_devdesign.dll
0x00007ff99c450000 - 0x00007ff99cff3000 	E:\Vivado\2022.1\lib\win64.o\librdi_ippcw.dll
0x00007ff99b5e0000 - 0x00007ff99c448000 	E:\Vivado\2022.1\lib\win64.o\librdi_implflow.dll
0x00007ff9e73c0000 - 0x00007ff9e7434000 	E:\Vivado\2022.1\lib\win64.o\librdi_memoryarray.dll
0x00007ff99af80000 - 0x00007ff99b5d1000 	E:\Vivado\2022.1\lib\win64.o\librdi_memdata.dll
0x00007ff99a850000 - 0x00007ff99af80000 	E:\Vivado\2022.1\lib\win64.o\librdi_lopt.dll
0x00007ffa0ef90000 - 0x00007ffa0efe7000 	E:\Vivado\2022.1\lib\win64.o\librdi_pfi.dll
0x00007ff99a0f0000 - 0x00007ff99a84f000 	E:\Vivado\2022.1\lib\win64.o\librdi_netlist.dll
0x00007ff997a40000 - 0x00007ff99a0e3000 	E:\Vivado\2022.1\lib\win64.o\librdi_mig.dll
0x00007ff997610000 - 0x00007ff997a37000 	E:\Vivado\2022.1\lib\win64.o\librdi_platform.dll
0x00007ff996d50000 - 0x00007ff99760f000 	E:\Vivado\2022.1\lib\win64.o\librdi_power.dll
0x00007ff993dd0000 - 0x00007ff996d49000 	E:\Vivado\2022.1\lib\win64.o\librdi_place.dll
0x00007ff993680000 - 0x00007ff993dca000 	E:\Vivado\2022.1\lib\win64.o\librdi_project.dll
0x00007ff992d80000 - 0x00007ff993679000 	E:\Vivado\2022.1\lib\win64.o\librdi_rsb.dll
0x00007ff992820000 - 0x00007ff992d7c000 	E:\Vivado\2022.1\lib\win64.o\librdi_runs.dll
0x00007ff9920e0000 - 0x00007ff992814000 	E:\Vivado\2022.1\lib\win64.o\librdi_psta.dll
0x00007ffa08dd0000 - 0x00007ffa08e27000 	E:\Vivado\2022.1\lib\win64.o\librdi_schedmon.dll
0x00007ff9c9480000 - 0x00007ff9c9599000 	E:\Vivado\2022.1\lib\win64.o\librdi_runsbase.dll
0x00007ff991fc0000 - 0x00007ff9920d4000 	E:\Vivado\2022.1\lib\win64.o\librdi_xhub.dll
0x00007ff991d40000 - 0x00007ff991fbb000 	E:\Vivado\2022.1\lib\win64.o\librdi_simdata.dll

dbghelp: loaded successfully - version: 4.0.5 - missing functions: none
symbol engine: initialized successfully - sym options: 0x614 - pdb path: .;E:\Vivado\2022.1\bin\unwrapped\win64.o;C:\WINDOWS\SYSTEM32;E:\Vivado\2022.1\lib\win64.o;C:\WINDOWS\WinSxS\amd64_microsoft.windows.common-controls_6595b64144ccf1df_5.82.19041.1110_none_792d1c772443f647;E:\Vivado\2022.1\tps\win64\jre11.0.11_9\bin\server;E:\Vivado\2022.1\tps\win64\python-3.8.3;E:\Vivado\2022.1\tps\win64\jre11.0.11_9\bin;C:\WINDOWS\WinSxS\amd64_microsoft.windows.common-controls_6595b64144ccf1df_6.0.19041.1110_none_60b5254171f9507e

VM Arguments:
jvm_args: -Dsun.java2d.pmoffscreen=false -Dhttps.protocols=TLSv1,TLSv1.1,TLSv1.2 -Dsun.java2d.xrender=false -Dsun.java2d.d3d=false -Dsun.awt.nopixfmt=true -Dsun.java2d.dpiaware=true -Dsun.java2d.uiScale.enabled=false -Xverify:none -Dswing.aatext=true -XX:-UsePerfData -Djdk.map.althashing.threshold=512 -XX:StringTableSize=4072 --add-opens=java.desktop/com.sun.awt=ALL-UNNAMED --add-opens=java.desktop/javax.swing.plaf.synth=ALL-UNNAMED --add-opens=java.base/java.nio=ALL-UNNAMED --add-opens=java.desktop/sun.swing=ALL-UNNAMED --add-opens=java.desktop/javax.swing=ALL-UNNAMED --add-opens=java.desktop/javax.swing.tree=ALL-UNNAMED --add-opens=java.desktop/javax.swing.plaf.basic=ALL-UNNAMED --add-opens=java.desktop/javax.swing.plaf.synth=ALL-UNNAMED --add-opens=java.desktop/javax.swing.plaf.basic=ALL-UNNAMED --add-opens=java.desktop/javax.swing=ALL-UNNAMED --add-opens=java.desktop/javax.swing.tree=ALL-UNNAMED --add-opens=java.desktop/java.awt.event=ALL-UNNAMED --add-exports=java.desktop/javax.swing.plaf.synth=ALL-UNNAMED --add-exports=java.base/java.nio=ALL-UNNAMED --add-exports=java.desktop/sun.swing=ALL-UNNAMED --add-exports=java.desktop/javax.swing=ALL-UNNAMED --add-exports=java.desktop/javax.swing.tree=ALL-UNNAMED --add-exports=java.desktop/javax.swing.plaf.basic=ALL-UNNAMED --add-exports=java.desktop/sun.swing=ALL-UNNAMED --add-exports=java.desktop/sun.swing.table=ALL-UNNAMED --add-exports=java.desktop/sun.swing.plaf.synth=ALL-UNNAMED --add-exports=java.desktop/sun.awt.shell=ALL-UNNAMED --add-exports=java.base/sun.security.action=ALL-UNNAMED --add-exports=java.desktop/sun.font=ALL-UNNAMED -XX:NewSize=60m -XX:MaxNewSize=60m -Xms256m -Xmx3072m -Xss5m 
java_command: <unknown>
java_class_path (initial): E:/Vivado/2022.1\lib\classes\alloy.jar;E:/Vivado/2022.1\lib\classes\autoesl-models.jar;E:/Vivado/2022.1\lib\classes\batik-anim.jar;E:/Vivado/2022.1\lib\classes\batik-awt-util.jar;E:/Vivado/2022.1\lib\classes\batik-bridge.jar;E:/Vivado/2022.1\lib\classes\batik-codec.jar;E:/Vivado/2022.1\lib\classes\batik-css.jar;E:/Vivado/2022.1\lib\classes\batik-dom.jar;E:/Vivado/2022.1\lib\classes\batik-ext.jar;E:/Vivado/2022.1\lib\classes\batik-gui-util.jar;E:/Vivado/2022.1\lib\classes\batik-gvt.jar;E:/Vivado/2022.1\lib\classes\batik-parser.jar;E:/Vivado/2022.1\lib\classes\batik-script.jar;E:/Vivado/2022.1\lib\classes\batik-svg-dom.jar;E:/Vivado/2022.1\lib\classes\batik-svggen.jar;E:/Vivado/2022.1\lib\classes\batik-swing.jar;E:/Vivado/2022.1\lib\classes\batik-transcoder.jar;E:/Vivado/2022.1\lib\classes\batik-util.jar;E:/Vivado/2022.1\lib\classes\batik-xml.jar;E:/Vivado/2022.1\lib\classes\com.fasterxml.jackson.core.jackson-annotations_2.12.1.v20210128-1726.jar;E:/Vivado/2022.1\lib\classes\com.fasterxml.jackson.core.jackson-core_2.12.1.v20210128-1726.jar;E:/Vivado/2022.1\lib\classes\com.fasterxml.jackson.core.jackson-databind_2.12.1.v20210128-1726.jar;E:/Vivado/2022.1\lib\classes\com.google.gson_2.8.7.v20210624-1215.jar;E:/Vivado/2022.1\lib\classes\com.google.guava_30.1.0.v20210127-2300.jar;E:/Vivado/2022.1\lib\classes\com.sigasi.hdt.connection_4.15.0.202201101137.jar;E:/Vivado/2022.1\lib\classes\com.sigasi.hdt.epl_4.15.0.202201101137.jar;E:/Vivado/2022.1\lib\classes\com.sigasi.hdt.project_4.15.0.202201101137.jar;E:/Vivado/2022.1\lib\classes\com.sigasi.hdt.readonlyfilesystem_4.15.0.202201101137.jar;E:/Vivado/2022.1\lib\classes\com.sigasi.hdt.shared_4.15.0.202201101137.jar;E:/Vivado/2022.1\lib\classes\com.sigasi.lcm_4.15.0.202201101137.jar;E:/Vivado/2022.1\lib\classes\com.sigasi.sdk.client_1.0.0.202201101137.jar;E:/Vivado/2022.1\lib\classes\commons-collections4-4.1.jar;E:/Vivado/2022.1\lib\classes\commons-compress-1.21.jar;E:/Vivado/2022.1\lib\classes\com
Launcher Type: generic

[Global flags]
     bool BytecodeVerificationLocal                = false                                     {product} {command line}
     bool BytecodeVerificationRemote               = false                                     {product} {command line}
     intx CICompilerCount                          = 4                                         {product} {ergonomic}
     uint ConcGCThreads                            = 3                                         {product} {ergonomic}
     uint G1ConcRefinementThreads                  = 10                                        {product} {ergonomic}
   size_t G1HeapRegionSize                         = 1048576                                   {product} {ergonomic}
    uintx GCDrainStackTargetSize                   = 64                                        {product} {ergonomic}
   size_t InitialHeapSize                          = 268435456                                 {product} {command line}
   size_t MarkStackSize                            = 4194304                                   {product} {ergonomic}
   size_t MaxHeapSize                              = 3221225472                                {product} {command line}
   size_t MaxNewSize                               = 62914560                                  {product} {command line}
   size_t MinHeapDeltaBytes                        = 1048576                                   {product} {ergonomic}
   size_t NewSize                                  = 62914560                                  {product} {command line}
    uintx NonNMethodCodeHeapSize                   = 5836300                                {pd product} {ergonomic}
    uintx NonProfiledCodeHeapSize                  = 122910970                              {pd product} {ergonomic}
    uintx ProfiledCodeHeapSize                     = 122910970                              {pd product} {ergonomic}
    uintx ReservedCodeCacheSize                    = 251658240                              {pd product} {ergonomic}
     bool SegmentedCodeCache                       = true                                      {product} {ergonomic}
    uintx StringTableSize                          = 4072                                      {product} {command line}
     intx ThreadStackSize                          = 5120                                   {pd product} {command line}
     bool UseCompressedClassPointers               = true                                 {lp64_product} {ergonomic}
     bool UseCompressedOops                        = true                                 {lp64_product} {ergonomic}
     bool UseG1GC                                  = true                                      {product} {ergonomic}
     bool UseLargePagesIndividualAllocation        = false                                  {pd product} {ergonomic}
     bool UsePerfData                              = false                                     {product} {command line}

Logging:
Log output configuration:
 #0: stdout all=warning uptime,level,tags
 #1: stderr all=off uptime,level,tags

Environment Variables:
PATH=E:/Vivado/2022.1/bin;E:/Vivado/2022.1/tps/win64/java-cef-78.3.9.242/bin/lib/win64;E:/Vivado/2022.1/tps/win64/javafx-sdk-11.0.2/lib;E:/Vivado/2022.1/tps/win64/javafx-sdk-11.0.2/bin;E:/Vivado/2022.1/lib/win64.o;E:/Vivado/2022.1/tps/win64/jre11.0.11_9/bin/server;E:/Vivado/2022.1/tps/win64/jre11.0.11_9/bin;E:/Vivado/2022.1/ids_lite/ISE/bin/nt64;E:/Vivado/2022.1/ids_lite/ISE/lib/nt64;E:/Vitis_HLS/2022.1/bin;C:\Program Files\Common Files\Oracle\Java\javapath;C:\Program Files (x86)\Common Files\Oracle\Java\javapath;C:\Windows\system32;C:\Windows;C:\Windows\System32\Wbem;C:\Windows\System32\WindowsPowerShell\v1.0\;C:\WINDOWS\System32\OpenSSH\;C:\Program Files\Microsoft SQL Server\Client SDK\ODBC\170\Tools\Binn\;C:\Program Files (x86)\Microsoft SQL Server\150\Tools\Binn\;C:\Program Files\Microsoft SQL Server\150\Tools\Binn\;C:\Program Files\Microsoft SQL Server\150\DTS\Binn\;C:\flutter\bin;C:\Program Files\mingw-w64\x86_64-8.1.0-posix-seh-rt_v6-rev0\mingw64\bin;C:\Program Files (x86)\NVIDIA Corporation\PhysX\Common;C:\Program Files\NVIDIA Corporation\NVIDIA NvDLISR;C:\Program Files\PuTTY\;C:\Program Files\Git\cmd;C:\Program Files\Vim\vim90;C:\Users\matia\AppData\Local\Microsoft\WindowsApps;C:\Users\matia\AppData\Local\Programs\Microsoft VS Code\bin;;E:/Vivado/2022.1\tps\mingw\6.2.0\win64.o\nt\bin;E:/Vivado/2022.1\tps\mingw\6.2.0\win64.o\nt\libexec\gcc\x86_64-w64-mingw32\6.2.0;E:/Vivado/2022.1\tps\win64\python-3.8.3;E:/Vivado/2022.1\tps\win64\python-3.8.3\bin;E:/Vivado/2022.1\tps\win64\python-3.8.3\lib;E:/Vivado/2022.1\tps\win64\python-3.8.3\lib\site-packages
USERNAME=matia
OS=Windows_NT
PROCESSOR_IDENTIFIER=AMD64 Family 25 Model 33 Stepping 0, AuthenticAMD



---------------  S Y S T E M  ---------------

OS: Windows 10 , 64 bit Build 19041 (10.0.19041.1806)
OS uptime: 2 days 23:43 hours

CPU:total 12 (initial active 12) (12 cores per cpu, 2 threads per core) family 25 model 33 stepping 0 microcode 0x0, cmov, cx8, fxsr, mmx, sse, sse2, sse3, ssse3, sse4.1, sse4.2, popcnt, avx, avx2, aes, clmul, erms, mmxext, 3dnowpref, lzcnt, sse4a, ht, tsc, tscinvbit, tscinv, bmi1, bmi2,

Memory: 4k page, system-wide physical 16289M (9130M free)
TotalPageFile size 39841M (AvailPageFile size 26069M)
current process WorkingSet (physical memory assigned to process): 621M, peak: 1234M
current process commit charge ("private bytes"): 1115M, peak: 1208M

vm_info: OpenJDK 64-Bit Server VM (11.0.11+9) for windows-amd64 JRE (11.0.11+9), built on Apr  9 2021 19:32:08 by "" with MS VC++ 15.5 (VS2017)

END.
